[2025-03-06T11:09:34.580] [DEBUG] cheese - login => username:admin,password:123456
[2025-03-06T11:09:34.580] [DEBUG] cheese - admin
[2025-03-06T11:09:34.589] [DEBUG] cheese - null
[2025-03-06T11:09:34.590] [DEBUG] cheese - null
[2025-03-06T11:14:36.159] [DEBUG] cheese - login => username:admin,password:123456
[2025-03-06T11:14:36.159] [DEBUG] cheese - admin
[2025-03-06T11:14:36.163] [DEBUG] cheese - null
[2025-03-06T11:14:36.163] [DEBUG] cheese - null
[2025-03-06T14:40:31.882] [DEBUG] cheese - login => username:admin,password:12345
[2025-03-06T14:40:31.883] [DEBUG] cheese - admin
[2025-03-06T14:40:31.887] [DEBUG] cheese - null
[2025-03-06T14:40:31.887] [DEBUG] cheese - null
[2025-03-06T14:41:25.211] [DEBUG] cheese - login => username:admin,password:123456
[2025-03-06T14:41:25.211] [DEBUG] cheese - admin
[2025-03-06T14:41:25.214] [DEBUG] cheese - null
[2025-03-06T14:41:25.215] [DEBUG] cheese - null
[2025-03-06T14:47:33.278] [DEBUG] cheese - login => username:admin,password:123456
[2025-03-06T14:47:33.278] [DEBUG] cheese - admin
[2025-03-06T14:47:33.281] [DEBUG] cheese - null
[2025-03-06T14:47:33.281] [DEBUG] cheese - null
[2025-03-06T14:47:36.595] [DEBUG] cheese - login => username:admin,password:123456
[2025-03-06T14:47:36.596] [DEBUG] cheese - admin
[2025-03-06T14:47:36.599] [DEBUG] cheese - null
[2025-03-06T14:47:36.599] [DEBUG] cheese - null
[2025-03-06T14:48:20.304] [DEBUG] cheese - login => username:admin,password:123456
[2025-03-06T14:48:20.304] [DEBUG] cheese - admin
[2025-03-06T14:48:20.306] [DEBUG] cheese - null
[2025-03-06T14:48:20.306] [DEBUG] cheese - null
[2025-03-06T14:48:20.428] [DEBUG] cheese - login => username:admin,password:123456
[2025-03-06T14:48:20.428] [DEBUG] cheese - admin
[2025-03-06T14:48:20.432] [DEBUG] cheese - null
[2025-03-06T14:48:20.432] [DEBUG] cheese - null
[2025-03-06T14:56:14.313] [DEBUG] cheese - login => username:admin,password:123456
[2025-03-06T14:56:14.314] [DEBUG] cheese - admin
[2025-03-06T14:56:14.317] [DEBUG] cheese - null
[2025-03-06T14:56:14.317] [DEBUG] cheese - null
[2025-03-06T14:56:41.888] [DEBUG] cheese - login => username:admin,password:123456
[2025-03-06T14:56:41.888] [DEBUG] cheese - admin
[2025-03-06T14:56:41.890] [DEBUG] cheese - null
[2025-03-06T14:56:41.890] [DEBUG] cheese - null
[2025-03-06T14:56:52.719] [DEBUG] cheese - login => username:admin,password:1234
[2025-03-06T14:56:52.719] [DEBUG] cheese - admin
[2025-03-06T14:56:52.721] [DEBUG] cheese - null
[2025-03-06T14:56:52.721] [DEBUG] cheese - null
[2025-03-06T14:57:29.018] [DEBUG] cheese - login => username:admin,password:12345
[2025-03-06T14:57:29.018] [DEBUG] cheese - admin
[2025-03-06T14:57:29.020] [DEBUG] cheese - null
[2025-03-06T14:57:29.020] [DEBUG] cheese - null
[2025-03-06T15:04:02.372] [DEBUG] cheese - login => username:admin,password:123456
[2025-03-06T15:04:02.372] [DEBUG] cheese - admin
[2025-03-06T15:04:02.374] [DEBUG] cheese - null
[2025-03-06T15:04:02.374] [DEBUG] cheese - null
[2025-03-06T15:04:04.727] [DEBUG] cheese - login => username:admin,password:12345
[2025-03-06T15:04:04.727] [DEBUG] cheese - admin
[2025-03-06T15:04:04.729] [DEBUG] cheese - null
[2025-03-06T15:04:04.729] [DEBUG] cheese - null
[2025-03-06T15:06:46.247] [DEBUG] cheese - login => username:admin,password:sss
[2025-03-06T15:06:46.248] [DEBUG] cheese - admin
[2025-03-06T15:06:46.249] [DEBUG] cheese - null
[2025-03-06T15:06:46.249] [DEBUG] cheese - null
[2025-03-06T15:11:27.934] [DEBUG] cheese - login => username:admin,password:12345
[2025-03-06T15:11:27.935] [DEBUG] cheese - admin
[2025-03-06T15:11:27.937] [DEBUG] cheese - null
[2025-03-06T15:11:27.937] [DEBUG] cheese - null
[2025-03-06T15:11:32.089] [DEBUG] cheese - login => username:admin,password:12345
[2025-03-06T15:11:32.090] [DEBUG] cheese - admin
[2025-03-06T15:11:32.092] [DEBUG] cheese - null
[2025-03-06T15:11:32.093] [DEBUG] cheese - null
[2025-03-06T15:11:32.535] [DEBUG] cheese - login => username:admin,password:12345
[2025-03-06T15:11:32.536] [DEBUG] cheese - admin
[2025-03-06T15:11:32.537] [DEBUG] cheese - null
[2025-03-06T15:11:32.537] [DEBUG] cheese - null
[2025-03-06T15:11:33.022] [DEBUG] cheese - login => username:admin,password:12345
[2025-03-06T15:11:33.022] [DEBUG] cheese - admin
[2025-03-06T15:11:33.024] [DEBUG] cheese - null
[2025-03-06T15:11:33.024] [DEBUG] cheese - null
[2025-03-06T15:11:33.704] [DEBUG] cheese - login => username:admin,password:12345
[2025-03-06T15:11:33.704] [DEBUG] cheese - admin
[2025-03-06T15:11:33.706] [DEBUG] cheese - null
[2025-03-06T15:11:33.706] [DEBUG] cheese - null
[2025-03-06T15:11:34.336] [DEBUG] cheese - login => username:admin,password:12345
[2025-03-06T15:11:34.336] [DEBUG] cheese - admin
[2025-03-06T15:11:34.338] [DEBUG] cheese - null
[2025-03-06T15:11:34.338] [DEBUG] cheese - null
[2025-03-06T15:11:38.753] [DEBUG] cheese - login => username:admin,password:12345
[2025-03-06T15:11:38.753] [DEBUG] cheese - admin
[2025-03-06T15:11:38.755] [DEBUG] cheese - null
[2025-03-06T15:11:38.755] [DEBUG] cheese - null
[2025-03-06T15:11:39.159] [DEBUG] cheese - login => username:admin,password:12345
[2025-03-06T15:11:39.159] [DEBUG] cheese - admin
[2025-03-06T15:11:39.160] [DEBUG] cheese - null
[2025-03-06T15:11:39.160] [DEBUG] cheese - null
[2025-03-06T15:11:39.384] [DEBUG] cheese - login => username:admin,password:12345
[2025-03-06T15:11:39.384] [DEBUG] cheese - admin
[2025-03-06T15:11:39.385] [DEBUG] cheese - null
[2025-03-06T15:11:39.385] [DEBUG] cheese - null
[2025-03-06T15:11:39.568] [DEBUG] cheese - login => username:admin,password:12345
[2025-03-06T15:11:39.569] [DEBUG] cheese - admin
[2025-03-06T15:11:39.570] [DEBUG] cheese - null
[2025-03-06T15:11:39.570] [DEBUG] cheese - null
[2025-03-06T15:11:39.750] [DEBUG] cheese - login => username:admin,password:12345
[2025-03-06T15:11:39.751] [DEBUG] cheese - admin
[2025-03-06T15:11:39.752] [DEBUG] cheese - null
[2025-03-06T15:11:39.752] [DEBUG] cheese - null
[2025-03-06T15:11:39.917] [DEBUG] cheese - login => username:admin,password:12345
[2025-03-06T15:11:39.917] [DEBUG] cheese - admin
[2025-03-06T15:11:39.918] [DEBUG] cheese - null
[2025-03-06T15:11:39.918] [DEBUG] cheese - null
[2025-03-06T15:11:40.101] [DEBUG] cheese - login => username:admin,password:12345
[2025-03-06T15:11:40.101] [DEBUG] cheese - admin
[2025-03-06T15:11:40.102] [DEBUG] cheese - null
[2025-03-06T15:11:40.102] [DEBUG] cheese - null
[2025-03-06T15:11:40.267] [DEBUG] cheese - login => username:admin,password:12345
[2025-03-06T15:11:40.267] [DEBUG] cheese - admin
[2025-03-06T15:11:40.268] [DEBUG] cheese - null
[2025-03-06T15:11:40.268] [DEBUG] cheese - null
[2025-03-06T15:11:40.451] [DEBUG] cheese - login => username:admin,password:12345
[2025-03-06T15:11:40.451] [DEBUG] cheese - admin
[2025-03-06T15:11:40.452] [DEBUG] cheese - null
[2025-03-06T15:11:40.452] [DEBUG] cheese - null
[2025-03-06T15:11:40.635] [DEBUG] cheese - login => username:admin,password:12345
[2025-03-06T15:11:40.635] [DEBUG] cheese - admin
[2025-03-06T15:11:40.638] [DEBUG] cheese - null
[2025-03-06T15:11:40.638] [DEBUG] cheese - null
[2025-03-06T15:11:44.623] [DEBUG] cheese - login => username:admin,password:12345
[2025-03-06T15:11:44.623] [DEBUG] cheese - admin
[2025-03-06T15:11:44.625] [DEBUG] cheese - null
[2025-03-06T15:11:44.625] [DEBUG] cheese - null
[2025-03-06T15:11:46.726] [DEBUG] cheese - login => username:admin,password:12345
[2025-03-06T15:11:46.727] [DEBUG] cheese - admin
[2025-03-06T15:11:46.729] [DEBUG] cheese - null
[2025-03-06T15:11:46.729] [DEBUG] cheese - null
[2025-03-06T15:12:05.388] [DEBUG] cheese - login => username:admin,password:123456
[2025-03-06T15:12:05.388] [DEBUG] cheese - admin
[2025-03-06T15:12:05.390] [DEBUG] cheese - null
[2025-03-06T15:12:05.390] [DEBUG] cheese - null
[2025-03-06T15:12:45.091] [DEBUG] cheese - login => username:admin,password:123456
[2025-03-06T15:12:45.092] [DEBUG] cheese - admin
[2025-03-06T15:12:45.094] [DEBUG] cheese - null
[2025-03-06T15:12:45.094] [DEBUG] cheese - null
[2025-03-06T15:12:48.501] [DEBUG] cheese - login => username:admin,password:12345
[2025-03-06T15:12:48.501] [DEBUG] cheese - admin
[2025-03-06T15:12:48.503] [DEBUG] cheese - null
[2025-03-06T15:12:48.503] [DEBUG] cheese - null
[2025-03-06T15:12:53.479] [DEBUG] cheese - login => username:admin,password:12345
[2025-03-06T15:12:53.479] [DEBUG] cheese - admin
[2025-03-06T15:12:53.482] [DEBUG] cheese - null
[2025-03-06T15:12:53.482] [DEBUG] cheese - null
[2025-03-06T15:13:42.645] [DEBUG] cheese - login => username:admin,password:12345
[2025-03-06T15:13:42.645] [DEBUG] cheese - admin
[2025-03-06T15:13:42.647] [DEBUG] cheese - null
[2025-03-06T15:13:42.648] [DEBUG] cheese - null
[2025-03-06T15:52:06.984] [DEBUG] cheese - login => username:admin,password:123456
[2025-03-06T15:52:06.984] [DEBUG] cheese - admin
[2025-03-06T15:52:06.986] [DEBUG] cheese - null
[2025-03-06T15:52:06.986] [DEBUG] cheese - null
[2025-03-06T15:52:10.612] [DEBUG] cheese - login => username:admin,password:12345
[2025-03-06T15:52:10.612] [DEBUG] cheese - admin
[2025-03-06T15:52:10.615] [DEBUG] cheese - null
[2025-03-06T15:52:10.615] [DEBUG] cheese - null
[2025-03-06T16:17:14.116] [DEBUG] cheese - login => username:admin,password:123456
[2025-03-06T16:17:14.116] [DEBUG] cheese - admin
[2025-03-06T16:17:14.120] [DEBUG] cheese - null
[2025-03-06T16:17:14.120] [DEBUG] cheese - null
[2025-03-06T16:17:35.498] [DEBUG] cheese - login => username:admin,password:123456
[2025-03-06T16:17:35.499] [DEBUG] cheese - admin
[2025-03-06T16:17:35.500] [DEBUG] cheese - null
[2025-03-06T16:17:35.501] [DEBUG] cheese - null
[2025-03-07T08:18:48.945] [DEBUG] cheese - login => username:admin,password:123456
[2025-03-07T08:18:48.947] [DEBUG] cheese - admin
[2025-03-07T08:18:48.997] [DEBUG] cheese - null
[2025-03-07T08:18:48.997] [DEBUG] cheese - null
[2025-03-07T08:22:01.395] [DEBUG] cheese - login => username:admin,password:12345
[2025-03-07T08:22:01.395] [DEBUG] cheese - admin
[2025-03-07T08:22:01.397] [DEBUG] cheese - null
[2025-03-07T08:22:01.397] [DEBUG] cheese - null
[2025-03-07T08:23:58.184] [DEBUG] cheese - login => username:admin,password:12345
[2025-03-07T08:23:58.184] [DEBUG] cheese - admin
[2025-03-07T08:23:58.185] [DEBUG] cheese - null
[2025-03-07T08:23:58.186] [DEBUG] cheese - null
[2025-03-07T08:30:43.074] [DEBUG] cheese - login => username:admin,password:123456
[2025-03-07T08:30:43.075] [DEBUG] cheese - admin
[2025-03-07T08:30:43.077] [DEBUG] cheese - null
[2025-03-07T08:30:43.077] [DEBUG] cheese - null
[2025-03-07T08:30:51.613] [DEBUG] cheese - login => username:admin,password:12345
[2025-03-07T08:30:51.613] [DEBUG] cheese - admin
[2025-03-07T08:30:51.615] [DEBUG] cheese - null
[2025-03-07T08:30:51.615] [DEBUG] cheese - null
[2025-03-07T08:31:31.992] [DEBUG] cheese - login => username:admin,password:12345
[2025-03-07T08:31:31.992] [DEBUG] cheese - admin
[2025-03-07T08:31:31.993] [DEBUG] cheese - null
[2025-03-07T08:31:31.993] [DEBUG] cheese - null
[2025-03-07T08:31:39.103] [DEBUG] cheese - login => username:admin,password:123456
[2025-03-07T08:31:39.103] [DEBUG] cheese - admin
[2025-03-07T08:31:39.106] [DEBUG] cheese - null
[2025-03-07T08:31:39.106] [DEBUG] cheese - null
[2025-03-07T08:31:47.000] [DEBUG] cheese - login => username:admin,password:12456
[2025-03-07T08:31:47.000] [DEBUG] cheese - admin
[2025-03-07T08:31:47.001] [DEBUG] cheese - null
[2025-03-07T08:31:47.001] [DEBUG] cheese - null
[2025-03-07T08:31:54.863] [DEBUG] cheese - login => username:admin,password:aa
[2025-03-07T08:31:54.863] [DEBUG] cheese - admin
[2025-03-07T08:31:54.865] [DEBUG] cheese - null
[2025-03-07T08:31:54.865] [DEBUG] cheese - null
[2025-03-07T08:32:00.776] [DEBUG] cheese - login => username:admin,password:12345
[2025-03-07T08:32:00.776] [DEBUG] cheese - admin
[2025-03-07T08:32:00.778] [DEBUG] cheese - null
[2025-03-07T08:32:00.778] [DEBUG] cheese - null
[2025-03-07T08:32:37.209] [DEBUG] cheese - login => username:admin,password:12345
[2025-03-07T08:32:37.210] [DEBUG] cheese - admin
[2025-03-07T08:32:37.211] [DEBUG] cheese - null
[2025-03-07T08:32:37.211] [DEBUG] cheese - null
[2025-03-07T08:33:26.375] [DEBUG] cheese - login => username:admin,password:123456
[2025-03-07T08:33:26.375] [DEBUG] cheese - admin
[2025-03-07T08:33:26.377] [DEBUG] cheese - null
[2025-03-07T08:33:26.377] [DEBUG] cheese - null
[2025-03-07T08:33:37.099] [DEBUG] cheese - login => username:admin,password:12345
[2025-03-07T08:33:37.099] [DEBUG] cheese - admin
[2025-03-07T08:33:37.101] [DEBUG] cheese - null
[2025-03-07T08:33:37.101] [DEBUG] cheese - null
[2025-03-07T08:34:46.201] [DEBUG] cheese - login => username:admin,password:12345
[2025-03-07T08:34:46.201] [DEBUG] cheese - admin
[2025-03-07T08:34:46.204] [DEBUG] cheese - null
[2025-03-07T08:34:46.204] [DEBUG] cheese - null
[2025-03-07T08:37:42.511] [DEBUG] cheese - login => username:admin,password:123456
[2025-03-07T08:37:42.511] [DEBUG] cheese - admin
[2025-03-07T08:37:42.513] [DEBUG] cheese - null
[2025-03-07T08:37:42.513] [DEBUG] cheese - null
[2025-03-07T08:37:49.921] [DEBUG] cheese - login => username:admin,password:23456
[2025-03-07T08:37:49.921] [DEBUG] cheese - admin
[2025-03-07T08:37:49.923] [DEBUG] cheese - null
[2025-03-07T08:37:49.923] [DEBUG] cheese - null
[2025-03-07T08:39:12.283] [DEBUG] cheese - login => username:admin,password:12345
[2025-03-07T08:39:12.283] [DEBUG] cheese - admin
[2025-03-07T08:39:12.285] [DEBUG] cheese - null
[2025-03-07T08:39:12.285] [DEBUG] cheese - null
[2025-03-07T08:41:30.670] [DEBUG] cheese - login => username:admin,password:123456
[2025-03-07T08:41:30.670] [DEBUG] cheese - admin
[2025-03-07T08:41:30.671] [DEBUG] cheese - null
[2025-03-07T08:41:30.671] [DEBUG] cheese - null
[2025-03-07T08:46:16.977] [DEBUG] cheese - login => username:admin,password:123456
[2025-03-07T08:46:16.978] [DEBUG] cheese - admin
[2025-03-07T08:46:16.981] [DEBUG] cheese - null
[2025-03-07T08:46:16.981] [DEBUG] cheese - null
[2025-03-07T08:46:17.103] [DEBUG] cheese - login => username:admin,password:123456
[2025-03-07T08:46:17.103] [DEBUG] cheese - admin
[2025-03-07T08:46:17.105] [DEBUG] cheese - null
[2025-03-07T08:46:17.105] [DEBUG] cheese - null
[2025-03-07T08:46:25.627] [DEBUG] cheese - login => username:admin,password:12345
[2025-03-07T08:46:25.627] [DEBUG] cheese - admin
[2025-03-07T08:46:25.629] [DEBUG] cheese - null
[2025-03-07T08:46:25.629] [DEBUG] cheese - null
[2025-03-07T08:51:56.674] [DEBUG] cheese - login => username:admin,password:12345
[2025-03-07T08:51:56.675] [DEBUG] cheese - admin
[2025-03-07T08:51:56.677] [DEBUG] cheese - null
[2025-03-07T08:51:56.677] [DEBUG] cheese - null
[2025-03-07T08:56:04.202] [DEBUG] cheese - login => username:admin,password:12345
[2025-03-07T08:56:04.202] [DEBUG] cheese - admin
[2025-03-07T08:56:04.205] [DEBUG] cheese - null
[2025-03-07T08:56:04.205] [DEBUG] cheese - null
[2025-03-07T08:57:04.338] [DEBUG] cheese - login => username:admin,password:12345
[2025-03-07T08:57:04.338] [DEBUG] cheese - admin
[2025-03-07T08:57:04.339] [DEBUG] cheese - null
[2025-03-07T08:57:04.339] [DEBUG] cheese - null
[2025-03-07T08:57:21.067] [DEBUG] cheese - login => username:admin,password:12345
[2025-03-07T08:57:21.067] [DEBUG] cheese - admin
[2025-03-07T08:57:21.069] [DEBUG] cheese - null
[2025-03-07T08:57:21.069] [DEBUG] cheese - null
[2025-03-07T09:01:29.867] [DEBUG] cheese - login => username:admin,password:123456
[2025-03-07T09:01:29.867] [DEBUG] cheese - admin
[2025-03-07T09:01:29.868] [DEBUG] cheese - null
[2025-03-07T09:01:29.868] [DEBUG] cheese - null
[2025-03-07T09:04:35.501] [DEBUG] cheese - login => username:admin,password:12345
[2025-03-07T09:04:35.504] [DEBUG] cheese - admin
[2025-03-07T09:04:35.514] [DEBUG] cheese - null
[2025-03-07T09:04:35.514] [DEBUG] cheese - null
[2025-03-07T09:07:34.867] [DEBUG] cheese - login => username:admin,password:12345
[2025-03-07T09:07:34.867] [DEBUG] cheese - admin
[2025-03-07T09:07:34.871] [DEBUG] cheese - null
[2025-03-07T09:07:34.871] [DEBUG] cheese - null
[2025-03-07T09:08:23.982] [DEBUG] cheese - login => username:admin,password:12345
[2025-03-07T09:08:23.983] [DEBUG] cheese - admin
[2025-03-07T09:08:23.985] [DEBUG] cheese - null
[2025-03-07T09:08:23.986] [DEBUG] cheese - null
[2025-03-07T09:08:42.793] [DEBUG] cheese - login => username:admin,password:12345
[2025-03-07T09:08:42.793] [DEBUG] cheese - admin
[2025-03-07T09:08:42.796] [DEBUG] cheese - null
[2025-03-07T09:08:42.796] [DEBUG] cheese - null
[2025-03-07T09:11:07.204] [DEBUG] cheese - login => username:admin,password:123456
[2025-03-07T09:11:07.204] [DEBUG] cheese - admin
[2025-03-07T09:11:07.207] [DEBUG] cheese - null
[2025-03-07T09:11:07.207] [DEBUG] cheese - null
[2025-03-07T09:13:37.080] [DEBUG] cheese - login => username:admin,password:12345
[2025-03-07T09:13:37.080] [DEBUG] cheese - admin
[2025-03-07T09:13:37.083] [DEBUG] cheese - null
[2025-03-07T09:13:37.084] [DEBUG] cheese - null
[2025-03-07T09:13:48.962] [DEBUG] cheese - login => username:admin,password:12345
[2025-03-07T09:13:48.962] [DEBUG] cheese - admin
[2025-03-07T09:13:48.965] [DEBUG] cheese - null
[2025-03-07T09:13:48.965] [DEBUG] cheese - null
[2025-03-07T09:15:56.602] [DEBUG] cheese - login => username:admin,password:12345
[2025-03-07T09:15:56.602] [DEBUG] cheese - admin
[2025-03-07T09:15:56.605] [DEBUG] cheese - null
[2025-03-07T09:15:56.606] [DEBUG] cheese - null
[2025-03-07T09:15:58.182] [DEBUG] cheese - login => username:admin,password:12345
[2025-03-07T09:15:58.183] [DEBUG] cheese - admin
[2025-03-07T09:15:58.186] [DEBUG] cheese - null
[2025-03-07T09:15:58.186] [DEBUG] cheese - null
[2025-03-07T09:15:58.681] [DEBUG] cheese - login => username:admin,password:12345
[2025-03-07T09:15:58.681] [DEBUG] cheese - admin
[2025-03-07T09:15:58.683] [DEBUG] cheese - null
[2025-03-07T09:15:58.683] [DEBUG] cheese - null
[2025-03-07T09:15:58.874] [DEBUG] cheese - login => username:admin,password:12345
[2025-03-07T09:15:58.874] [DEBUG] cheese - admin
[2025-03-07T09:15:58.875] [DEBUG] cheese - null
[2025-03-07T09:15:58.875] [DEBUG] cheese - null
[2025-03-07T09:15:59.023] [DEBUG] cheese - login => username:admin,password:12345
[2025-03-07T09:15:59.023] [DEBUG] cheese - admin
[2025-03-07T09:15:59.024] [DEBUG] cheese - null
[2025-03-07T09:15:59.024] [DEBUG] cheese - null
[2025-03-07T09:15:59.174] [DEBUG] cheese - login => username:admin,password:12345
[2025-03-07T09:15:59.174] [DEBUG] cheese - admin
[2025-03-07T09:15:59.175] [DEBUG] cheese - null
[2025-03-07T09:15:59.175] [DEBUG] cheese - null
[2025-03-07T09:15:59.341] [DEBUG] cheese - login => username:admin,password:12345
[2025-03-07T09:15:59.341] [DEBUG] cheese - admin
[2025-03-07T09:15:59.342] [DEBUG] cheese - null
[2025-03-07T09:15:59.342] [DEBUG] cheese - null
[2025-03-07T09:15:59.504] [DEBUG] cheese - login => username:admin,password:12345
[2025-03-07T09:15:59.504] [DEBUG] cheese - admin
[2025-03-07T09:15:59.505] [DEBUG] cheese - null
[2025-03-07T09:15:59.505] [DEBUG] cheese - null
[2025-03-07T09:16:00.876] [DEBUG] cheese - login => username:admin,password:12345
[2025-03-07T09:16:00.876] [DEBUG] cheese - admin
[2025-03-07T09:16:00.877] [DEBUG] cheese - null
[2025-03-07T09:16:00.877] [DEBUG] cheese - null
[2025-03-07T09:16:01.023] [DEBUG] cheese - login => username:admin,password:12345
[2025-03-07T09:16:01.023] [DEBUG] cheese - admin
[2025-03-07T09:16:01.024] [DEBUG] cheese - null
[2025-03-07T09:16:01.024] [DEBUG] cheese - null
[2025-03-07T09:16:01.173] [DEBUG] cheese - login => username:admin,password:12345
[2025-03-07T09:16:01.173] [DEBUG] cheese - admin
[2025-03-07T09:16:01.174] [DEBUG] cheese - null
[2025-03-07T09:16:01.174] [DEBUG] cheese - null
[2025-03-07T09:16:01.322] [DEBUG] cheese - login => username:admin,password:12345
[2025-03-07T09:16:01.322] [DEBUG] cheese - admin
[2025-03-07T09:16:01.323] [DEBUG] cheese - null
[2025-03-07T09:16:01.323] [DEBUG] cheese - null
[2025-03-07T09:16:01.457] [DEBUG] cheese - login => username:admin,password:12345
[2025-03-07T09:16:01.457] [DEBUG] cheese - admin
[2025-03-07T09:16:01.458] [DEBUG] cheese - null
[2025-03-07T09:16:01.458] [DEBUG] cheese - null
[2025-03-07T09:16:01.605] [DEBUG] cheese - login => username:admin,password:12345
[2025-03-07T09:16:01.606] [DEBUG] cheese - admin
[2025-03-07T09:16:01.607] [DEBUG] cheese - null
[2025-03-07T09:16:01.607] [DEBUG] cheese - null
[2025-03-07T09:16:01.755] [DEBUG] cheese - login => username:admin,password:12345
[2025-03-07T09:16:01.755] [DEBUG] cheese - admin
[2025-03-07T09:16:01.756] [DEBUG] cheese - null
[2025-03-07T09:16:01.756] [DEBUG] cheese - null
[2025-03-07T09:16:01.889] [DEBUG] cheese - login => username:admin,password:12345
[2025-03-07T09:16:01.889] [DEBUG] cheese - admin
[2025-03-07T09:16:01.890] [DEBUG] cheese - null
[2025-03-07T09:16:01.890] [DEBUG] cheese - null
[2025-03-07T09:16:02.037] [DEBUG] cheese - login => username:admin,password:12345
[2025-03-07T09:16:02.037] [DEBUG] cheese - admin
[2025-03-07T09:16:02.039] [DEBUG] cheese - null
[2025-03-07T09:16:02.039] [DEBUG] cheese - null
[2025-03-07T09:16:02.171] [DEBUG] cheese - login => username:admin,password:12345
[2025-03-07T09:16:02.172] [DEBUG] cheese - admin
[2025-03-07T09:16:02.173] [DEBUG] cheese - null
[2025-03-07T09:16:02.173] [DEBUG] cheese - null
[2025-03-07T09:16:02.309] [DEBUG] cheese - login => username:admin,password:12345
[2025-03-07T09:16:02.309] [DEBUG] cheese - admin
[2025-03-07T09:16:02.310] [DEBUG] cheese - null
[2025-03-07T09:16:02.310] [DEBUG] cheese - null
[2025-03-07T09:16:02.472] [DEBUG] cheese - login => username:admin,password:12345
[2025-03-07T09:16:02.472] [DEBUG] cheese - admin
[2025-03-07T09:16:02.473] [DEBUG] cheese - null
[2025-03-07T09:16:02.473] [DEBUG] cheese - null
[2025-03-07T09:16:02.638] [DEBUG] cheese - login => username:admin,password:12345
[2025-03-07T09:16:02.638] [DEBUG] cheese - admin
[2025-03-07T09:16:02.639] [DEBUG] cheese - null
[2025-03-07T09:16:02.639] [DEBUG] cheese - null
[2025-03-07T09:16:02.788] [DEBUG] cheese - login => username:admin,password:12345
[2025-03-07T09:16:02.788] [DEBUG] cheese - admin
[2025-03-07T09:16:02.789] [DEBUG] cheese - null
[2025-03-07T09:16:02.789] [DEBUG] cheese - null
[2025-03-07T09:16:02.941] [DEBUG] cheese - login => username:admin,password:12345
[2025-03-07T09:16:02.941] [DEBUG] cheese - admin
[2025-03-07T09:16:02.942] [DEBUG] cheese - null
[2025-03-07T09:16:02.942] [DEBUG] cheese - null
[2025-03-07T09:16:03.107] [DEBUG] cheese - login => username:admin,password:12345
[2025-03-07T09:16:03.107] [DEBUG] cheese - admin
[2025-03-07T09:16:03.108] [DEBUG] cheese - null
[2025-03-07T09:16:03.108] [DEBUG] cheese - null
[2025-03-07T09:16:03.258] [DEBUG] cheese - login => username:admin,password:12345
[2025-03-07T09:16:03.258] [DEBUG] cheese - admin
[2025-03-07T09:16:03.259] [DEBUG] cheese - null
[2025-03-07T09:16:03.259] [DEBUG] cheese - null
[2025-03-07T09:16:03.439] [DEBUG] cheese - login => username:admin,password:12345
[2025-03-07T09:16:03.439] [DEBUG] cheese - admin
[2025-03-07T09:16:03.441] [DEBUG] cheese - null
[2025-03-07T09:16:03.441] [DEBUG] cheese - null
[2025-03-07T09:16:07.809] [DEBUG] cheese - login => username:admin,password:12345
[2025-03-07T09:16:07.809] [DEBUG] cheese - admin
[2025-03-07T09:16:07.811] [DEBUG] cheese - null
[2025-03-07T09:16:07.811] [DEBUG] cheese - null
[2025-03-07T09:16:07.955] [DEBUG] cheese - login => username:admin,password:12345
[2025-03-07T09:16:07.955] [DEBUG] cheese - admin
[2025-03-07T09:16:07.956] [DEBUG] cheese - null
[2025-03-07T09:16:07.956] [DEBUG] cheese - null
[2025-03-07T09:16:08.106] [DEBUG] cheese - login => username:admin,password:12345
[2025-03-07T09:16:08.106] [DEBUG] cheese - admin
[2025-03-07T09:16:08.107] [DEBUG] cheese - null
[2025-03-07T09:16:08.107] [DEBUG] cheese - null
[2025-03-07T09:16:08.273] [DEBUG] cheese - login => username:admin,password:12345
[2025-03-07T09:16:08.273] [DEBUG] cheese - admin
[2025-03-07T09:16:08.274] [DEBUG] cheese - null
[2025-03-07T09:16:08.274] [DEBUG] cheese - null
[2025-03-07T09:16:08.422] [DEBUG] cheese - login => username:admin,password:12345
[2025-03-07T09:16:08.422] [DEBUG] cheese - admin
[2025-03-07T09:16:08.423] [DEBUG] cheese - null
[2025-03-07T09:16:08.423] [DEBUG] cheese - null
[2025-03-07T09:16:08.589] [DEBUG] cheese - login => username:admin,password:12345
[2025-03-07T09:16:08.589] [DEBUG] cheese - admin
[2025-03-07T09:16:08.590] [DEBUG] cheese - null
[2025-03-07T09:16:08.590] [DEBUG] cheese - null
[2025-03-07T09:16:08.721] [DEBUG] cheese - login => username:admin,password:12345
[2025-03-07T09:16:08.721] [DEBUG] cheese - admin
[2025-03-07T09:16:08.722] [DEBUG] cheese - null
[2025-03-07T09:16:08.722] [DEBUG] cheese - null
[2025-03-07T09:16:08.873] [DEBUG] cheese - login => username:admin,password:12345
[2025-03-07T09:16:08.873] [DEBUG] cheese - admin
[2025-03-07T09:16:08.874] [DEBUG] cheese - null
[2025-03-07T09:16:08.874] [DEBUG] cheese - null
[2025-03-07T09:16:09.021] [DEBUG] cheese - login => username:admin,password:12345
[2025-03-07T09:16:09.021] [DEBUG] cheese - admin
[2025-03-07T09:16:09.022] [DEBUG] cheese - null
[2025-03-07T09:16:09.022] [DEBUG] cheese - null
[2025-03-07T09:16:09.173] [DEBUG] cheese - login => username:admin,password:12345
[2025-03-07T09:16:09.173] [DEBUG] cheese - admin
[2025-03-07T09:16:09.174] [DEBUG] cheese - null
[2025-03-07T09:16:09.174] [DEBUG] cheese - null
[2025-03-07T09:16:09.322] [DEBUG] cheese - login => username:admin,password:12345
[2025-03-07T09:16:09.322] [DEBUG] cheese - admin
[2025-03-07T09:16:09.323] [DEBUG] cheese - null
[2025-03-07T09:16:09.323] [DEBUG] cheese - null
[2025-03-07T09:16:09.456] [DEBUG] cheese - login => username:admin,password:12345
[2025-03-07T09:16:09.456] [DEBUG] cheese - admin
[2025-03-07T09:16:09.457] [DEBUG] cheese - null
[2025-03-07T09:16:09.457] [DEBUG] cheese - null
[2025-03-07T09:16:09.620] [DEBUG] cheese - login => username:admin,password:12345
[2025-03-07T09:16:09.620] [DEBUG] cheese - admin
[2025-03-07T09:16:09.621] [DEBUG] cheese - null
[2025-03-07T09:16:09.621] [DEBUG] cheese - null
[2025-03-07T09:16:09.774] [DEBUG] cheese - login => username:admin,password:12345
[2025-03-07T09:16:09.774] [DEBUG] cheese - admin
[2025-03-07T09:16:09.775] [DEBUG] cheese - null
[2025-03-07T09:16:09.775] [DEBUG] cheese - null
[2025-03-07T09:16:09.939] [DEBUG] cheese - login => username:admin,password:12345
[2025-03-07T09:16:09.939] [DEBUG] cheese - admin
[2025-03-07T09:16:09.940] [DEBUG] cheese - null
[2025-03-07T09:16:09.940] [DEBUG] cheese - null
[2025-03-07T09:16:10.087] [DEBUG] cheese - login => username:admin,password:12345
[2025-03-07T09:16:10.087] [DEBUG] cheese - admin
[2025-03-07T09:16:10.089] [DEBUG] cheese - null
[2025-03-07T09:16:10.089] [DEBUG] cheese - null
[2025-03-07T09:16:10.252] [DEBUG] cheese - login => username:admin,password:12345
[2025-03-07T09:16:10.253] [DEBUG] cheese - admin
[2025-03-07T09:16:10.254] [DEBUG] cheese - null
[2025-03-07T09:16:10.254] [DEBUG] cheese - null
[2025-03-07T09:16:10.404] [DEBUG] cheese - login => username:admin,password:12345
[2025-03-07T09:16:10.404] [DEBUG] cheese - admin
[2025-03-07T09:16:10.405] [DEBUG] cheese - null
[2025-03-07T09:16:10.406] [DEBUG] cheese - null
[2025-03-07T09:16:10.688] [DEBUG] cheese - login => username:admin,password:12345
[2025-03-07T09:16:10.689] [DEBUG] cheese - admin
[2025-03-07T09:16:10.690] [DEBUG] cheese - null
[2025-03-07T09:16:10.690] [DEBUG] cheese - null
[2025-03-07T09:16:10.871] [DEBUG] cheese - login => username:admin,password:12345
[2025-03-07T09:16:10.871] [DEBUG] cheese - admin
[2025-03-07T09:16:10.873] [DEBUG] cheese - null
[2025-03-07T09:16:10.873] [DEBUG] cheese - null
[2025-03-07T09:16:11.022] [DEBUG] cheese - login => username:admin,password:12345
[2025-03-07T09:16:11.022] [DEBUG] cheese - admin
[2025-03-07T09:16:11.023] [DEBUG] cheese - null
[2025-03-07T09:16:11.023] [DEBUG] cheese - null
[2025-03-07T09:16:11.169] [DEBUG] cheese - login => username:admin,password:12345
[2025-03-07T09:16:11.170] [DEBUG] cheese - admin
[2025-03-07T09:16:11.171] [DEBUG] cheese - null
[2025-03-07T09:16:11.171] [DEBUG] cheese - null
[2025-03-07T09:16:11.319] [DEBUG] cheese - login => username:admin,password:12345
[2025-03-07T09:16:11.319] [DEBUG] cheese - admin
[2025-03-07T09:16:11.320] [DEBUG] cheese - null
[2025-03-07T09:16:11.320] [DEBUG] cheese - null
[2025-03-07T09:16:11.487] [DEBUG] cheese - login => username:admin,password:12345
[2025-03-07T09:16:11.488] [DEBUG] cheese - admin
[2025-03-07T09:16:11.490] [DEBUG] cheese - null
[2025-03-07T09:16:11.490] [DEBUG] cheese - null
[2025-03-07T09:16:11.620] [DEBUG] cheese - login => username:admin,password:12345
[2025-03-07T09:16:11.620] [DEBUG] cheese - admin
[2025-03-07T09:16:11.621] [DEBUG] cheese - null
[2025-03-07T09:16:11.621] [DEBUG] cheese - null
[2025-03-07T09:16:11.804] [DEBUG] cheese - login => username:admin,password:12345
[2025-03-07T09:16:11.804] [DEBUG] cheese - admin
[2025-03-07T09:16:11.805] [DEBUG] cheese - null
[2025-03-07T09:16:11.805] [DEBUG] cheese - null
[2025-03-07T09:16:11.938] [DEBUG] cheese - login => username:admin,password:12345
[2025-03-07T09:16:11.938] [DEBUG] cheese - admin
[2025-03-07T09:16:11.939] [DEBUG] cheese - null
[2025-03-07T09:16:11.939] [DEBUG] cheese - null
[2025-03-07T09:16:12.088] [DEBUG] cheese - login => username:admin,password:12345
[2025-03-07T09:16:12.088] [DEBUG] cheese - admin
[2025-03-07T09:16:12.089] [DEBUG] cheese - null
[2025-03-07T09:16:12.089] [DEBUG] cheese - null
[2025-03-07T09:16:12.237] [DEBUG] cheese - login => username:admin,password:12345
[2025-03-07T09:16:12.237] [DEBUG] cheese - admin
[2025-03-07T09:16:12.238] [DEBUG] cheese - null
[2025-03-07T09:16:12.239] [DEBUG] cheese - null
[2025-03-07T09:16:12.386] [DEBUG] cheese - login => username:admin,password:12345
[2025-03-07T09:16:12.386] [DEBUG] cheese - admin
[2025-03-07T09:16:12.387] [DEBUG] cheese - null
[2025-03-07T09:16:12.387] [DEBUG] cheese - null
[2025-03-07T09:16:12.553] [DEBUG] cheese - login => username:admin,password:12345
[2025-03-07T09:16:12.553] [DEBUG] cheese - admin
[2025-03-07T09:16:12.555] [DEBUG] cheese - null
[2025-03-07T09:16:12.555] [DEBUG] cheese - null
[2025-03-07T09:16:12.874] [DEBUG] cheese - login => username:admin,password:12345
[2025-03-07T09:16:12.874] [DEBUG] cheese - admin
[2025-03-07T09:16:12.876] [DEBUG] cheese - null
[2025-03-07T09:16:12.876] [DEBUG] cheese - null
[2025-03-07T09:16:13.020] [DEBUG] cheese - login => username:admin,password:12345
[2025-03-07T09:16:13.020] [DEBUG] cheese - admin
[2025-03-07T09:16:13.021] [DEBUG] cheese - null
[2025-03-07T09:16:13.021] [DEBUG] cheese - null
[2025-03-07T09:16:13.187] [DEBUG] cheese - login => username:admin,password:12345
[2025-03-07T09:16:13.187] [DEBUG] cheese - admin
[2025-03-07T09:16:13.189] [DEBUG] cheese - null
[2025-03-07T09:16:13.189] [DEBUG] cheese - null
[2025-03-07T09:16:13.341] [DEBUG] cheese - login => username:admin,password:12345
[2025-03-07T09:16:13.341] [DEBUG] cheese - admin
[2025-03-07T09:16:13.344] [DEBUG] cheese - null
[2025-03-07T09:16:13.344] [DEBUG] cheese - null
[2025-03-07T09:16:13.487] [DEBUG] cheese - login => username:admin,password:12345
[2025-03-07T09:16:13.488] [DEBUG] cheese - admin
[2025-03-07T09:16:13.489] [DEBUG] cheese - null
[2025-03-07T09:16:13.489] [DEBUG] cheese - null
[2025-03-07T09:16:13.654] [DEBUG] cheese - login => username:admin,password:12345
[2025-03-07T09:16:13.654] [DEBUG] cheese - admin
[2025-03-07T09:16:13.655] [DEBUG] cheese - null
[2025-03-07T09:16:13.655] [DEBUG] cheese - null
[2025-03-07T09:16:13.811] [DEBUG] cheese - login => username:admin,password:12345
[2025-03-07T09:16:13.811] [DEBUG] cheese - admin
[2025-03-07T09:16:13.813] [DEBUG] cheese - null
[2025-03-07T09:16:13.813] [DEBUG] cheese - null
[2025-03-07T09:16:13.971] [DEBUG] cheese - login => username:admin,password:12345
[2025-03-07T09:16:13.972] [DEBUG] cheese - admin
[2025-03-07T09:16:13.974] [DEBUG] cheese - null
[2025-03-07T09:16:13.974] [DEBUG] cheese - null
[2025-03-07T09:16:14.120] [DEBUG] cheese - login => username:admin,password:12345
[2025-03-07T09:16:14.120] [DEBUG] cheese - admin
[2025-03-07T09:16:14.121] [DEBUG] cheese - null
[2025-03-07T09:16:14.121] [DEBUG] cheese - null
[2025-03-07T09:16:14.298] [DEBUG] cheese - login => username:admin,password:12345
[2025-03-07T09:16:14.298] [DEBUG] cheese - admin
[2025-03-07T09:16:14.299] [DEBUG] cheese - null
[2025-03-07T09:16:14.300] [DEBUG] cheese - null
[2025-03-07T09:16:14.422] [DEBUG] cheese - login => username:admin,password:12345
[2025-03-07T09:16:14.423] [DEBUG] cheese - admin
[2025-03-07T09:16:14.426] [DEBUG] cheese - null
[2025-03-07T09:16:14.426] [DEBUG] cheese - null
[2025-03-07T09:16:14.549] [DEBUG] cheese - login => username:admin,password:12345
[2025-03-07T09:16:14.549] [DEBUG] cheese - admin
[2025-03-07T09:16:14.550] [DEBUG] cheese - null
[2025-03-07T09:16:14.550] [DEBUG] cheese - null
[2025-03-07T09:16:14.686] [DEBUG] cheese - login => username:admin,password:12345
[2025-03-07T09:16:14.686] [DEBUG] cheese - admin
[2025-03-07T09:16:14.687] [DEBUG] cheese - null
[2025-03-07T09:16:14.687] [DEBUG] cheese - null
[2025-03-07T09:16:14.820] [DEBUG] cheese - login => username:admin,password:12345
[2025-03-07T09:16:14.820] [DEBUG] cheese - admin
[2025-03-07T09:16:14.821] [DEBUG] cheese - null
[2025-03-07T09:16:14.821] [DEBUG] cheese - null
[2025-03-07T09:16:15.000] [DEBUG] cheese - login => username:admin,password:12345
[2025-03-07T09:16:15.000] [DEBUG] cheese - admin
[2025-03-07T09:16:15.001] [DEBUG] cheese - null
[2025-03-07T09:16:15.001] [DEBUG] cheese - null
[2025-03-07T09:16:15.124] [DEBUG] cheese - login => username:admin,password:12345
[2025-03-07T09:16:15.124] [DEBUG] cheese - admin
[2025-03-07T09:16:15.126] [DEBUG] cheese - null
[2025-03-07T09:16:15.126] [DEBUG] cheese - null
[2025-03-07T09:16:15.240] [DEBUG] cheese - login => username:admin,password:12345
[2025-03-07T09:16:15.241] [DEBUG] cheese - admin
[2025-03-07T09:16:15.241] [DEBUG] cheese - null
[2025-03-07T09:16:15.241] [DEBUG] cheese - null
[2025-03-07T09:16:15.376] [DEBUG] cheese - login => username:admin,password:12345
[2025-03-07T09:16:15.376] [DEBUG] cheese - admin
[2025-03-07T09:16:15.377] [DEBUG] cheese - null
[2025-03-07T09:16:15.377] [DEBUG] cheese - null
[2025-03-07T09:16:15.537] [DEBUG] cheese - login => username:admin,password:12345
[2025-03-07T09:16:15.537] [DEBUG] cheese - admin
[2025-03-07T09:16:15.539] [DEBUG] cheese - null
[2025-03-07T09:16:15.539] [DEBUG] cheese - null
[2025-03-07T09:16:15.690] [DEBUG] cheese - login => username:admin,password:12345
[2025-03-07T09:16:15.690] [DEBUG] cheese - admin
[2025-03-07T09:16:15.692] [DEBUG] cheese - null
[2025-03-07T09:16:15.692] [DEBUG] cheese - null
[2025-03-07T09:16:15.822] [DEBUG] cheese - login => username:admin,password:12345
[2025-03-07T09:16:15.822] [DEBUG] cheese - admin
[2025-03-07T09:16:15.823] [DEBUG] cheese - null
[2025-03-07T09:16:15.823] [DEBUG] cheese - null
[2025-03-07T09:16:15.955] [DEBUG] cheese - login => username:admin,password:12345
[2025-03-07T09:16:15.955] [DEBUG] cheese - admin
[2025-03-07T09:16:15.956] [DEBUG] cheese - null
[2025-03-07T09:16:15.956] [DEBUG] cheese - null
[2025-03-07T09:16:16.104] [DEBUG] cheese - login => username:admin,password:12345
[2025-03-07T09:16:16.104] [DEBUG] cheese - admin
[2025-03-07T09:16:16.105] [DEBUG] cheese - null
[2025-03-07T09:16:16.105] [DEBUG] cheese - null
[2025-03-07T09:16:18.756] [DEBUG] cheese - login => username:admin,password:12345
[2025-03-07T09:16:18.756] [DEBUG] cheese - admin
[2025-03-07T09:16:18.759] [DEBUG] cheese - null
[2025-03-07T09:16:18.759] [DEBUG] cheese - null
[2025-03-07T09:16:18.907] [DEBUG] cheese - login => username:admin,password:12345
[2025-03-07T09:16:18.907] [DEBUG] cheese - admin
[2025-03-07T09:16:18.908] [DEBUG] cheese - null
[2025-03-07T09:16:18.908] [DEBUG] cheese - null
[2025-03-07T09:16:19.074] [DEBUG] cheese - login => username:admin,password:12345
[2025-03-07T09:16:19.075] [DEBUG] cheese - admin
[2025-03-07T09:16:19.076] [DEBUG] cheese - null
[2025-03-07T09:16:19.076] [DEBUG] cheese - null
[2025-03-07T09:16:19.241] [DEBUG] cheese - login => username:admin,password:12345
[2025-03-07T09:16:19.241] [DEBUG] cheese - admin
[2025-03-07T09:16:19.242] [DEBUG] cheese - null
[2025-03-07T09:16:19.242] [DEBUG] cheese - null
[2025-03-07T09:16:19.389] [DEBUG] cheese - login => username:admin,password:12345
[2025-03-07T09:16:19.389] [DEBUG] cheese - admin
[2025-03-07T09:16:19.390] [DEBUG] cheese - null
[2025-03-07T09:16:19.390] [DEBUG] cheese - null
[2025-03-07T09:16:19.541] [DEBUG] cheese - login => username:admin,password:12345
[2025-03-07T09:16:19.541] [DEBUG] cheese - admin
[2025-03-07T09:16:19.542] [DEBUG] cheese - null
[2025-03-07T09:16:19.542] [DEBUG] cheese - null
[2025-03-07T09:16:19.706] [DEBUG] cheese - login => username:admin,password:12345
[2025-03-07T09:16:19.706] [DEBUG] cheese - admin
[2025-03-07T09:16:19.707] [DEBUG] cheese - null
[2025-03-07T09:16:19.707] [DEBUG] cheese - null
[2025-03-07T09:16:19.873] [DEBUG] cheese - login => username:admin,password:12345
[2025-03-07T09:16:19.873] [DEBUG] cheese - admin
[2025-03-07T09:16:19.874] [DEBUG] cheese - null
[2025-03-07T09:16:19.874] [DEBUG] cheese - null
[2025-03-07T09:16:20.039] [DEBUG] cheese - login => username:admin,password:12345
[2025-03-07T09:16:20.039] [DEBUG] cheese - admin
[2025-03-07T09:16:20.040] [DEBUG] cheese - null
[2025-03-07T09:16:20.040] [DEBUG] cheese - null
[2025-03-07T09:16:20.224] [DEBUG] cheese - login => username:admin,password:12345
[2025-03-07T09:16:20.224] [DEBUG] cheese - admin
[2025-03-07T09:16:20.225] [DEBUG] cheese - null
[2025-03-07T09:16:20.225] [DEBUG] cheese - null
[2025-03-07T09:16:20.524] [DEBUG] cheese - login => username:admin,password:12345
[2025-03-07T09:16:20.525] [DEBUG] cheese - admin
[2025-03-07T09:16:20.526] [DEBUG] cheese - null
[2025-03-07T09:16:20.526] [DEBUG] cheese - null
[2025-03-07T09:16:20.689] [DEBUG] cheese - login => username:admin,password:12345
[2025-03-07T09:16:20.689] [DEBUG] cheese - admin
[2025-03-07T09:16:20.690] [DEBUG] cheese - null
[2025-03-07T09:16:20.690] [DEBUG] cheese - null
[2025-03-07T09:16:20.856] [DEBUG] cheese - login => username:admin,password:12345
[2025-03-07T09:16:20.856] [DEBUG] cheese - admin
[2025-03-07T09:16:20.857] [DEBUG] cheese - null
[2025-03-07T09:16:20.857] [DEBUG] cheese - null
[2025-03-07T09:16:21.021] [DEBUG] cheese - login => username:admin,password:12345
[2025-03-07T09:16:21.021] [DEBUG] cheese - admin
[2025-03-07T09:16:21.022] [DEBUG] cheese - null
[2025-03-07T09:16:21.023] [DEBUG] cheese - null
[2025-03-07T09:16:21.172] [DEBUG] cheese - login => username:admin,password:12345
[2025-03-07T09:16:21.172] [DEBUG] cheese - admin
[2025-03-07T09:16:21.174] [DEBUG] cheese - null
[2025-03-07T09:16:21.174] [DEBUG] cheese - null
[2025-03-07T09:16:21.338] [DEBUG] cheese - login => username:admin,password:12345
[2025-03-07T09:16:21.338] [DEBUG] cheese - admin
[2025-03-07T09:16:21.339] [DEBUG] cheese - null
[2025-03-07T09:16:21.339] [DEBUG] cheese - null
[2025-03-07T09:16:22.341] [DEBUG] cheese - login => username:admin,password:12345
[2025-03-07T09:16:22.341] [DEBUG] cheese - admin
[2025-03-07T09:16:22.342] [DEBUG] cheese - null
[2025-03-07T09:16:22.342] [DEBUG] cheese - null
[2025-03-07T09:16:22.504] [DEBUG] cheese - login => username:admin,password:12345
[2025-03-07T09:16:22.504] [DEBUG] cheese - admin
[2025-03-07T09:16:22.505] [DEBUG] cheese - null
[2025-03-07T09:16:22.505] [DEBUG] cheese - null
[2025-03-07T09:16:22.673] [DEBUG] cheese - login => username:admin,password:12345
[2025-03-07T09:16:22.673] [DEBUG] cheese - admin
[2025-03-07T09:16:22.674] [DEBUG] cheese - null
[2025-03-07T09:16:22.674] [DEBUG] cheese - null
[2025-03-07T09:16:22.840] [DEBUG] cheese - login => username:admin,password:12345
[2025-03-07T09:16:22.840] [DEBUG] cheese - admin
[2025-03-07T09:16:22.841] [DEBUG] cheese - null
[2025-03-07T09:16:22.841] [DEBUG] cheese - null
[2025-03-07T09:16:23.006] [DEBUG] cheese - login => username:admin,password:12345
[2025-03-07T09:16:23.006] [DEBUG] cheese - admin
[2025-03-07T09:16:23.007] [DEBUG] cheese - null
[2025-03-07T09:16:23.007] [DEBUG] cheese - null
[2025-03-07T09:16:23.187] [DEBUG] cheese - login => username:admin,password:12345
[2025-03-07T09:16:23.187] [DEBUG] cheese - admin
[2025-03-07T09:16:23.188] [DEBUG] cheese - null
[2025-03-07T09:16:23.188] [DEBUG] cheese - null
[2025-03-07T09:16:23.337] [DEBUG] cheese - login => username:admin,password:12345
[2025-03-07T09:16:23.337] [DEBUG] cheese - admin
[2025-03-07T09:16:23.339] [DEBUG] cheese - null
[2025-03-07T09:16:23.339] [DEBUG] cheese - null
[2025-03-07T09:16:23.504] [DEBUG] cheese - login => username:admin,password:12345
[2025-03-07T09:16:23.504] [DEBUG] cheese - admin
[2025-03-07T09:16:23.505] [DEBUG] cheese - null
[2025-03-07T09:16:23.505] [DEBUG] cheese - null
[2025-03-07T09:16:23.655] [DEBUG] cheese - login => username:admin,password:12345
[2025-03-07T09:16:23.656] [DEBUG] cheese - admin
[2025-03-07T09:16:23.657] [DEBUG] cheese - null
[2025-03-07T09:16:23.657] [DEBUG] cheese - null
[2025-03-07T09:16:23.825] [DEBUG] cheese - login => username:admin,password:12345
[2025-03-07T09:16:23.825] [DEBUG] cheese - admin
[2025-03-07T09:16:23.826] [DEBUG] cheese - null
[2025-03-07T09:16:23.826] [DEBUG] cheese - null
[2025-03-07T09:16:23.989] [DEBUG] cheese - login => username:admin,password:12345
[2025-03-07T09:16:23.989] [DEBUG] cheese - admin
[2025-03-07T09:16:23.990] [DEBUG] cheese - null
[2025-03-07T09:16:23.990] [DEBUG] cheese - null
[2025-03-07T09:16:24.156] [DEBUG] cheese - login => username:admin,password:12345
[2025-03-07T09:16:24.156] [DEBUG] cheese - admin
[2025-03-07T09:16:24.157] [DEBUG] cheese - null
[2025-03-07T09:16:24.157] [DEBUG] cheese - null
[2025-03-07T09:16:24.321] [DEBUG] cheese - login => username:admin,password:12345
[2025-03-07T09:16:24.322] [DEBUG] cheese - admin
[2025-03-07T09:16:24.323] [DEBUG] cheese - null
[2025-03-07T09:16:24.323] [DEBUG] cheese - null
[2025-03-07T09:16:24.471] [DEBUG] cheese - login => username:admin,password:12345
[2025-03-07T09:16:24.472] [DEBUG] cheese - admin
[2025-03-07T09:16:24.473] [DEBUG] cheese - null
[2025-03-07T09:16:24.473] [DEBUG] cheese - null
[2025-03-07T09:16:24.654] [DEBUG] cheese - login => username:admin,password:12345
[2025-03-07T09:16:24.654] [DEBUG] cheese - admin
[2025-03-07T09:16:24.655] [DEBUG] cheese - null
[2025-03-07T09:16:24.656] [DEBUG] cheese - null
[2025-03-07T09:16:24.806] [DEBUG] cheese - login => username:admin,password:12345
[2025-03-07T09:16:24.806] [DEBUG] cheese - admin
[2025-03-07T09:16:24.808] [DEBUG] cheese - null
[2025-03-07T09:16:24.808] [DEBUG] cheese - null
[2025-03-07T09:16:24.974] [DEBUG] cheese - login => username:admin,password:12345
[2025-03-07T09:16:24.974] [DEBUG] cheese - admin
[2025-03-07T09:16:24.975] [DEBUG] cheese - null
[2025-03-07T09:16:24.975] [DEBUG] cheese - null
[2025-03-07T09:16:25.138] [DEBUG] cheese - login => username:admin,password:12345
[2025-03-07T09:16:25.138] [DEBUG] cheese - admin
[2025-03-07T09:16:25.139] [DEBUG] cheese - null
[2025-03-07T09:16:25.139] [DEBUG] cheese - null
[2025-03-07T09:16:26.708] [DEBUG] cheese - login => username:admin,password:12345
[2025-03-07T09:16:26.708] [DEBUG] cheese - admin
[2025-03-07T09:16:26.709] [DEBUG] cheese - null
[2025-03-07T09:16:26.709] [DEBUG] cheese - null
[2025-03-07T09:16:26.872] [DEBUG] cheese - login => username:admin,password:12345
[2025-03-07T09:16:26.873] [DEBUG] cheese - admin
[2025-03-07T09:16:26.874] [DEBUG] cheese - null
[2025-03-07T09:16:26.874] [DEBUG] cheese - null
[2025-03-07T09:16:27.225] [DEBUG] cheese - login => username:admin,password:12345
[2025-03-07T09:16:27.225] [DEBUG] cheese - admin
[2025-03-07T09:16:27.227] [DEBUG] cheese - null
[2025-03-07T09:16:27.227] [DEBUG] cheese - null
[2025-03-07T09:16:27.386] [DEBUG] cheese - login => username:admin,password:12345
[2025-03-07T09:16:27.386] [DEBUG] cheese - admin
[2025-03-07T09:16:27.387] [DEBUG] cheese - null
[2025-03-07T09:16:27.387] [DEBUG] cheese - null
[2025-03-07T09:16:27.638] [DEBUG] cheese - login => username:admin,password:12345
[2025-03-07T09:16:27.638] [DEBUG] cheese - admin
[2025-03-07T09:16:27.640] [DEBUG] cheese - null
[2025-03-07T09:16:27.640] [DEBUG] cheese - null
[2025-03-07T09:16:27.805] [DEBUG] cheese - login => username:admin,password:12345
[2025-03-07T09:16:27.805] [DEBUG] cheese - admin
[2025-03-07T09:16:27.806] [DEBUG] cheese - null
[2025-03-07T09:16:27.806] [DEBUG] cheese - null
[2025-03-07T09:16:27.953] [DEBUG] cheese - login => username:admin,password:12345
[2025-03-07T09:16:27.953] [DEBUG] cheese - admin
[2025-03-07T09:16:27.954] [DEBUG] cheese - null
[2025-03-07T09:16:27.954] [DEBUG] cheese - null
[2025-03-07T09:16:28.136] [DEBUG] cheese - login => username:admin,password:12345
[2025-03-07T09:16:28.136] [DEBUG] cheese - admin
[2025-03-07T09:16:28.137] [DEBUG] cheese - null
[2025-03-07T09:16:28.137] [DEBUG] cheese - null
[2025-03-07T09:16:28.337] [DEBUG] cheese - login => username:admin,password:12345
[2025-03-07T09:16:28.338] [DEBUG] cheese - admin
[2025-03-07T09:16:28.339] [DEBUG] cheese - null
[2025-03-07T09:16:28.339] [DEBUG] cheese - null
[2025-03-07T09:16:28.502] [DEBUG] cheese - login => username:admin,password:12345
[2025-03-07T09:16:28.502] [DEBUG] cheese - admin
[2025-03-07T09:16:28.503] [DEBUG] cheese - null
[2025-03-07T09:16:28.503] [DEBUG] cheese - null
[2025-03-07T09:16:28.791] [DEBUG] cheese - login => username:admin,password:12345
[2025-03-07T09:16:28.791] [DEBUG] cheese - admin
[2025-03-07T09:16:28.793] [DEBUG] cheese - null
[2025-03-07T09:16:28.793] [DEBUG] cheese - null
[2025-03-07T09:16:28.938] [DEBUG] cheese - login => username:admin,password:12345
[2025-03-07T09:16:28.938] [DEBUG] cheese - admin
[2025-03-07T09:16:28.939] [DEBUG] cheese - null
[2025-03-07T09:16:28.939] [DEBUG] cheese - null
[2025-03-07T09:16:30.309] [DEBUG] cheese - login => username:admin,password:12345
[2025-03-07T09:16:30.309] [DEBUG] cheese - admin
[2025-03-07T09:16:30.311] [DEBUG] cheese - null
[2025-03-07T09:16:30.311] [DEBUG] cheese - null
[2025-03-07T09:16:30.521] [DEBUG] cheese - login => username:admin,password:12345
[2025-03-07T09:16:30.521] [DEBUG] cheese - admin
[2025-03-07T09:16:30.522] [DEBUG] cheese - null
[2025-03-07T09:16:30.522] [DEBUG] cheese - null
[2025-03-07T09:16:30.908] [DEBUG] cheese - login => username:admin,password:12345
[2025-03-07T09:16:30.908] [DEBUG] cheese - admin
[2025-03-07T09:16:30.909] [DEBUG] cheese - null
[2025-03-07T09:16:30.909] [DEBUG] cheese - null
[2025-03-07T09:16:31.356] [DEBUG] cheese - login => username:admin,password:12345
[2025-03-07T09:16:31.356] [DEBUG] cheese - admin
[2025-03-07T09:16:31.358] [DEBUG] cheese - null
[2025-03-07T09:16:31.358] [DEBUG] cheese - null
[2025-03-07T09:16:31.553] [DEBUG] cheese - login => username:admin,password:12345
[2025-03-07T09:16:31.553] [DEBUG] cheese - admin
[2025-03-07T09:16:31.554] [DEBUG] cheese - null
[2025-03-07T09:16:31.554] [DEBUG] cheese - null
[2025-03-07T09:16:31.854] [DEBUG] cheese - login => username:admin,password:12345
[2025-03-07T09:16:31.854] [DEBUG] cheese - admin
[2025-03-07T09:16:31.855] [DEBUG] cheese - null
[2025-03-07T09:16:31.855] [DEBUG] cheese - null
[2025-03-07T09:16:32.041] [DEBUG] cheese - login => username:admin,password:12345
[2025-03-07T09:16:32.041] [DEBUG] cheese - admin
[2025-03-07T09:16:32.042] [DEBUG] cheese - null
[2025-03-07T09:16:32.042] [DEBUG] cheese - null
[2025-03-07T09:16:32.524] [DEBUG] cheese - login => username:admin,password:12345
[2025-03-07T09:16:32.524] [DEBUG] cheese - admin
[2025-03-07T09:16:32.526] [DEBUG] cheese - null
[2025-03-07T09:16:32.526] [DEBUG] cheese - null
[2025-03-07T09:16:33.224] [DEBUG] cheese - login => username:admin,password:12345
[2025-03-07T09:16:33.224] [DEBUG] cheese - admin
[2025-03-07T09:16:33.226] [DEBUG] cheese - null
[2025-03-07T09:16:33.226] [DEBUG] cheese - null
[2025-03-07T09:16:34.174] [DEBUG] cheese - login => username:admin,password:12345
[2025-03-07T09:16:34.175] [DEBUG] cheese - admin
[2025-03-07T09:16:34.176] [DEBUG] cheese - null
[2025-03-07T09:16:34.176] [DEBUG] cheese - null
[2025-03-07T09:16:34.978] [DEBUG] cheese - login => username:admin,password:12345
[2025-03-07T09:16:34.979] [DEBUG] cheese - admin
[2025-03-07T09:16:34.980] [DEBUG] cheese - null
[2025-03-07T09:16:34.980] [DEBUG] cheese - null
[2025-03-07T09:16:35.473] [DEBUG] cheese - login => username:admin,password:12345
[2025-03-07T09:16:35.473] [DEBUG] cheese - admin
[2025-03-07T09:16:35.474] [DEBUG] cheese - null
[2025-03-07T09:16:35.474] [DEBUG] cheese - null
[2025-03-07T09:16:35.857] [DEBUG] cheese - login => username:admin,password:12345
[2025-03-07T09:16:35.857] [DEBUG] cheese - admin
[2025-03-07T09:16:35.859] [DEBUG] cheese - null
[2025-03-07T09:16:35.859] [DEBUG] cheese - null
[2025-03-07T09:16:36.324] [DEBUG] cheese - login => username:admin,password:12345
[2025-03-07T09:16:36.324] [DEBUG] cheese - admin
[2025-03-07T09:16:36.326] [DEBUG] cheese - null
[2025-03-07T09:16:36.326] [DEBUG] cheese - null
[2025-03-07T09:16:36.891] [DEBUG] cheese - login => username:admin,password:12345
[2025-03-07T09:16:36.891] [DEBUG] cheese - admin
[2025-03-07T09:16:36.893] [DEBUG] cheese - null
[2025-03-07T09:16:36.893] [DEBUG] cheese - null
[2025-03-07T09:16:37.490] [DEBUG] cheese - login => username:admin,password:12345
[2025-03-07T09:16:37.490] [DEBUG] cheese - admin
[2025-03-07T09:16:37.491] [DEBUG] cheese - null
[2025-03-07T09:16:37.492] [DEBUG] cheese - null
[2025-03-07T09:16:38.174] [DEBUG] cheese - login => username:admin,password:12345
[2025-03-07T09:16:38.174] [DEBUG] cheese - admin
[2025-03-07T09:16:38.176] [DEBUG] cheese - null
[2025-03-07T09:16:38.176] [DEBUG] cheese - null
[2025-03-07T09:16:38.842] [DEBUG] cheese - login => username:admin,password:12345
[2025-03-07T09:16:38.842] [DEBUG] cheese - admin
[2025-03-07T09:16:38.843] [DEBUG] cheese - null
[2025-03-07T09:16:38.843] [DEBUG] cheese - null
[2025-03-07T09:16:39.392] [DEBUG] cheese - login => username:admin,password:12345
[2025-03-07T09:16:39.392] [DEBUG] cheese - admin
[2025-03-07T09:16:39.393] [DEBUG] cheese - null
[2025-03-07T09:16:39.393] [DEBUG] cheese - null
[2025-03-07T09:16:39.842] [DEBUG] cheese - login => username:admin,password:12345
[2025-03-07T09:16:39.842] [DEBUG] cheese - admin
[2025-03-07T09:16:39.844] [DEBUG] cheese - null
[2025-03-07T09:16:39.844] [DEBUG] cheese - null
[2025-03-07T09:16:40.376] [DEBUG] cheese - login => username:admin,password:12345
[2025-03-07T09:16:40.376] [DEBUG] cheese - admin
[2025-03-07T09:16:40.377] [DEBUG] cheese - null
[2025-03-07T09:16:40.378] [DEBUG] cheese - null
[2025-03-07T09:16:41.024] [DEBUG] cheese - login => username:admin,password:12345
[2025-03-07T09:16:41.024] [DEBUG] cheese - admin
[2025-03-07T09:16:41.026] [DEBUG] cheese - null
[2025-03-07T09:16:41.026] [DEBUG] cheese - null
[2025-03-07T09:16:41.476] [DEBUG] cheese - login => username:admin,password:12345
[2025-03-07T09:16:41.476] [DEBUG] cheese - admin
[2025-03-07T09:16:41.478] [DEBUG] cheese - null
[2025-03-07T09:16:41.478] [DEBUG] cheese - null
[2025-03-07T09:16:42.006] [DEBUG] cheese - login => username:admin,password:12345
[2025-03-07T09:16:42.006] [DEBUG] cheese - admin
[2025-03-07T09:16:42.008] [DEBUG] cheese - null
[2025-03-07T09:16:42.008] [DEBUG] cheese - null
[2025-03-07T09:16:42.390] [DEBUG] cheese - login => username:admin,password:12345
[2025-03-07T09:16:42.390] [DEBUG] cheese - admin
[2025-03-07T09:16:42.392] [DEBUG] cheese - null
[2025-03-07T09:16:42.392] [DEBUG] cheese - null
[2025-03-07T09:16:42.908] [DEBUG] cheese - login => username:admin,password:12345
[2025-03-07T09:16:42.908] [DEBUG] cheese - admin
[2025-03-07T09:16:42.910] [DEBUG] cheese - null
[2025-03-07T09:16:42.910] [DEBUG] cheese - null
[2025-03-07T09:16:43.325] [DEBUG] cheese - login => username:admin,password:12345
[2025-03-07T09:16:43.325] [DEBUG] cheese - admin
[2025-03-07T09:16:43.327] [DEBUG] cheese - null
[2025-03-07T09:16:43.327] [DEBUG] cheese - null
[2025-03-07T09:16:43.775] [DEBUG] cheese - login => username:admin,password:12345
[2025-03-07T09:16:43.775] [DEBUG] cheese - admin
[2025-03-07T09:16:43.776] [DEBUG] cheese - null
[2025-03-07T09:16:43.777] [DEBUG] cheese - null
[2025-03-07T09:31:11.093] [DEBUG] cheese - login => username:admin,password:123456
[2025-03-07T09:31:11.093] [DEBUG] cheese - admin
[2025-03-07T09:31:11.095] [DEBUG] cheese - null
[2025-03-07T09:31:11.095] [DEBUG] cheese - null
[2025-03-07T09:31:11.667] [DEBUG] cheese - login => username:admin,password:123456
[2025-03-07T09:31:11.667] [DEBUG] cheese - admin
[2025-03-07T09:31:11.669] [DEBUG] cheese - null
[2025-03-07T09:31:11.669] [DEBUG] cheese - null
[2025-03-07T09:31:12.351] [DEBUG] cheese - login => username:admin,password:123456
[2025-03-07T09:31:12.351] [DEBUG] cheese - admin
[2025-03-07T09:31:12.354] [DEBUG] cheese - null
[2025-03-07T09:31:12.354] [DEBUG] cheese - null
[2025-03-07T09:31:12.736] [DEBUG] cheese - login => username:admin,password:123456
[2025-03-07T09:31:12.736] [DEBUG] cheese - admin
[2025-03-07T09:31:12.738] [DEBUG] cheese - null
[2025-03-07T09:31:12.738] [DEBUG] cheese - null
[2025-03-07T09:31:12.967] [DEBUG] cheese - login => username:admin,password:123456
[2025-03-07T09:31:12.967] [DEBUG] cheese - admin
[2025-03-07T09:31:12.968] [DEBUG] cheese - null
[2025-03-07T09:31:12.968] [DEBUG] cheese - null
[2025-03-07T09:31:13.182] [DEBUG] cheese - login => username:admin,password:123456
[2025-03-07T09:31:13.182] [DEBUG] cheese - admin
[2025-03-07T09:31:13.183] [DEBUG] cheese - null
[2025-03-07T09:31:13.183] [DEBUG] cheese - null
[2025-03-07T09:31:13.416] [DEBUG] cheese - login => username:admin,password:123456
[2025-03-07T09:31:13.416] [DEBUG] cheese - admin
[2025-03-07T09:31:13.418] [DEBUG] cheese - null
[2025-03-07T09:31:13.418] [DEBUG] cheese - null
[2025-03-07T09:31:13.633] [DEBUG] cheese - login => username:admin,password:123456
[2025-03-07T09:31:13.633] [DEBUG] cheese - admin
[2025-03-07T09:31:13.635] [DEBUG] cheese - null
[2025-03-07T09:31:13.635] [DEBUG] cheese - null
[2025-03-07T09:31:16.068] [DEBUG] cheese - login => username:admin,password:12345
[2025-03-07T09:31:16.068] [DEBUG] cheese - admin
[2025-03-07T09:31:16.070] [DEBUG] cheese - null
[2025-03-07T09:31:16.070] [DEBUG] cheese - null
[2025-03-07T09:31:19.982] [DEBUG] cheese - login => username:admin,password:123456
[2025-03-07T09:31:19.982] [DEBUG] cheese - admin
[2025-03-07T09:31:19.983] [DEBUG] cheese - null
[2025-03-07T09:31:19.983] [DEBUG] cheese - null
[2025-03-07T09:31:24.673] [DEBUG] cheese - login => username:admin,password:123456
[2025-03-07T09:31:24.673] [DEBUG] cheese - admin
[2025-03-07T09:31:24.674] [DEBUG] cheese - null
[2025-03-07T09:31:24.674] [DEBUG] cheese - null
[2025-03-07T09:31:54.418] [DEBUG] cheese - login => username:admin,password:123456
[2025-03-07T09:31:54.418] [DEBUG] cheese - admin
[2025-03-07T09:31:54.419] [DEBUG] cheese - null
[2025-03-07T09:31:54.420] [DEBUG] cheese - null
[2025-03-07T09:32:27.958] [DEBUG] cheese - login => username:admin,password:123456
[2025-03-07T09:32:27.958] [DEBUG] cheese - admin
[2025-03-07T09:32:27.960] [DEBUG] cheese - null
[2025-03-07T09:32:27.960] [DEBUG] cheese - null
[2025-03-07T10:52:13.758] [DEBUG] cheese - login => username:admin,password:123456
[2025-03-07T10:52:13.758] [DEBUG] cheese - admin
[2025-03-07T10:52:13.775] [DEBUG] cheese - null
[2025-03-07T10:52:13.775] [DEBUG] cheese - null
[2025-03-07T10:55:38.490] [DEBUG] cheese - login => username:admin,password:123456
[2025-03-07T10:55:38.490] [DEBUG] cheese - admin
[2025-03-07T10:55:38.491] [DEBUG] cheese - null
[2025-03-07T10:55:38.491] [DEBUG] cheese - null
[2025-03-07T10:55:44.487] [DEBUG] cheese - login => username:admin,password:123456
[2025-03-07T10:55:44.487] [DEBUG] cheese - admin
[2025-03-07T10:55:44.489] [DEBUG] cheese - null
[2025-03-07T10:55:44.489] [DEBUG] cheese - null
[2025-03-07T10:55:45.059] [DEBUG] cheese - login => username:admin,password:123456
[2025-03-07T10:55:45.059] [DEBUG] cheese - admin
[2025-03-07T10:55:45.060] [DEBUG] cheese - null
[2025-03-07T10:55:45.061] [DEBUG] cheese - null
[2025-03-07T10:55:45.525] [DEBUG] cheese - login => username:admin,password:123456
[2025-03-07T10:55:45.525] [DEBUG] cheese - admin
[2025-03-07T10:55:45.527] [DEBUG] cheese - null
[2025-03-07T10:55:45.527] [DEBUG] cheese - null
[2025-03-07T10:59:25.774] [DEBUG] cheese - login => username:admin,password:123456
[2025-03-07T10:59:25.775] [DEBUG] cheese - admin
[2025-03-07T10:59:25.779] [DEBUG] cheese - null
[2025-03-07T10:59:25.779] [DEBUG] cheese - null
[2025-03-07T10:59:35.272] [DEBUG] cheese - login => username:admin,password:123456
[2025-03-07T10:59:35.272] [DEBUG] cheese - admin
[2025-03-07T10:59:35.274] [DEBUG] cheese - null
[2025-03-07T10:59:35.274] [DEBUG] cheese - null
[2025-03-07T10:59:35.932] [DEBUG] cheese - login => username:admin,password:123456
[2025-03-07T10:59:35.932] [DEBUG] cheese - admin
[2025-03-07T10:59:35.934] [DEBUG] cheese - null
[2025-03-07T10:59:35.934] [DEBUG] cheese - null
[2025-03-07T10:59:36.351] [DEBUG] cheese - login => username:admin,password:123456
[2025-03-07T10:59:36.351] [DEBUG] cheese - admin
[2025-03-07T10:59:36.352] [DEBUG] cheese - null
[2025-03-07T10:59:36.352] [DEBUG] cheese - null
[2025-03-07T10:59:36.539] [DEBUG] cheese - login => username:admin,password:123456
[2025-03-07T10:59:36.540] [DEBUG] cheese - admin
[2025-03-07T10:59:36.541] [DEBUG] cheese - null
[2025-03-07T10:59:36.541] [DEBUG] cheese - null
[2025-03-07T10:59:36.699] [DEBUG] cheese - login => username:admin,password:123456
[2025-03-07T10:59:36.699] [DEBUG] cheese - admin
[2025-03-07T10:59:36.700] [DEBUG] cheese - null
[2025-03-07T10:59:36.700] [DEBUG] cheese - null
[2025-03-07T10:59:36.901] [DEBUG] cheese - login => username:admin,password:123456
[2025-03-07T10:59:36.901] [DEBUG] cheese - admin
[2025-03-07T10:59:36.902] [DEBUG] cheese - null
[2025-03-07T10:59:36.902] [DEBUG] cheese - null
[2025-03-07T11:03:56.640] [DEBUG] cheese - login => username:admin,password:123456
[2025-03-07T11:03:56.640] [DEBUG] cheese - admin
[2025-03-07T11:03:56.642] [DEBUG] cheese - null
[2025-03-07T11:03:56.642] [DEBUG] cheese - null
[2025-03-07T11:19:42.229] [DEBUG] cheese - login => username:admin,password:123456
[2025-03-07T11:19:42.230] [DEBUG] cheese - admin
[2025-03-07T11:19:42.234] [DEBUG] cheese - null
[2025-03-07T11:19:42.234] [DEBUG] cheese - null
[2025-03-07T11:20:09.037] [DEBUG] cheese - login => username:admin,password:123456
[2025-03-07T11:20:09.037] [DEBUG] cheese - admin
[2025-03-07T11:20:09.040] [DEBUG] cheese - null
[2025-03-07T11:20:09.040] [DEBUG] cheese - null
[2025-03-07T11:20:09.766] [DEBUG] cheese - login => username:admin,password:123456
[2025-03-07T11:20:09.766] [DEBUG] cheese - admin
[2025-03-07T11:20:09.768] [DEBUG] cheese - null
[2025-03-07T11:20:09.768] [DEBUG] cheese - null
[2025-03-07T11:20:10.015] [DEBUG] cheese - login => username:admin,password:123456
[2025-03-07T11:20:10.015] [DEBUG] cheese - admin
[2025-03-07T11:20:10.016] [DEBUG] cheese - null
[2025-03-07T11:20:10.016] [DEBUG] cheese - null
[2025-03-07T11:20:10.198] [DEBUG] cheese - login => username:admin,password:123456
[2025-03-07T11:20:10.198] [DEBUG] cheese - admin
[2025-03-07T11:20:10.199] [DEBUG] cheese - null
[2025-03-07T11:20:10.199] [DEBUG] cheese - null
[2025-03-07T11:20:48.485] [DEBUG] cheese - login => username:admin,password:123456
[2025-03-07T11:20:48.485] [DEBUG] cheese - admin
[2025-03-07T11:20:48.487] [DEBUG] cheese - null
[2025-03-07T11:20:48.487] [DEBUG] cheese - null
[2025-03-07T11:20:48.887] [DEBUG] cheese - login => username:admin,password:123456
[2025-03-07T11:20:48.887] [DEBUG] cheese - admin
[2025-03-07T11:20:48.888] [DEBUG] cheese - null
[2025-03-07T11:20:48.888] [DEBUG] cheese - null
[2025-03-07T11:22:02.077] [DEBUG] cheese - login => username:admin,password:123456
[2025-03-07T11:22:02.077] [DEBUG] cheese - admin
[2025-03-07T11:22:02.078] [DEBUG] cheese - null
[2025-03-07T11:22:02.078] [DEBUG] cheese - null
[2025-03-07T12:44:39.204] [DEBUG] cheese - login => username:admin,password:123456
[2025-03-07T12:44:39.205] [DEBUG] cheese - admin
[2025-03-07T12:44:39.208] [DEBUG] cheese - null
[2025-03-07T12:44:39.208] [DEBUG] cheese - null
[2025-03-07T12:45:56.606] [DEBUG] cheese - login => username:admin,password:123456
[2025-03-07T12:45:56.607] [DEBUG] cheese - admin
[2025-03-07T12:45:56.610] [DEBUG] cheese - null
[2025-03-07T12:45:56.610] [DEBUG] cheese - null
[2025-03-07T12:49:54.367] [DEBUG] cheese - login => username:admin,password:123456
[2025-03-07T12:49:54.368] [DEBUG] cheese - admin
[2025-03-07T12:49:54.369] [DEBUG] cheese - null
[2025-03-07T12:49:54.369] [DEBUG] cheese - null
[2025-03-07T12:50:04.710] [DEBUG] cheese - login => username:admin,password:123456
[2025-03-07T12:50:04.710] [DEBUG] cheese - admin
[2025-03-07T12:50:04.711] [DEBUG] cheese - null
[2025-03-07T12:50:04.711] [DEBUG] cheese - null
[2025-03-07T12:50:05.459] [DEBUG] cheese - login => username:admin,password:123456
[2025-03-07T12:50:05.459] [DEBUG] cheese - admin
[2025-03-07T12:50:05.461] [DEBUG] cheese - null
[2025-03-07T12:50:05.461] [DEBUG] cheese - null
[2025-03-07T12:55:15.678] [DEBUG] cheese - login => username:admin,password:123456
[2025-03-07T12:55:15.678] [DEBUG] cheese - admin
[2025-03-07T12:55:15.680] [DEBUG] cheese - null
[2025-03-07T12:55:15.680] [DEBUG] cheese - null
[2025-03-07T13:40:13.549] [DEBUG] cheese - login => username:admin,password:12345
[2025-03-07T13:40:13.549] [DEBUG] cheese - admin
[2025-03-07T13:40:13.575] [DEBUG] cheese - null
[2025-03-07T13:40:13.575] [DEBUG] cheese - null
[2025-03-07T13:52:36.798] [DEBUG] cheese - login => username:admin,password:123456
[2025-03-07T13:52:36.800] [DEBUG] cheese - admin
[2025-03-07T13:52:36.813] [DEBUG] cheese - null
[2025-03-07T13:52:36.814] [DEBUG] cheese - null
[2025-03-07T14:22:28.933] [DEBUG] cheese - login => username:admin,password:123456
[2025-03-07T14:22:28.933] [DEBUG] cheese - admin
[2025-03-07T14:22:28.940] [DEBUG] cheese - null
[2025-03-07T14:22:28.940] [DEBUG] cheese - null
[2025-03-07T14:30:26.840] [DEBUG] cheese - login => username:admin,password:123456
[2025-03-07T14:30:26.841] [DEBUG] cheese - admin
[2025-03-07T14:30:26.845] [DEBUG] cheese - null
[2025-03-07T14:30:26.845] [DEBUG] cheese - null
[2025-03-07T14:32:47.895] [DEBUG] cheese - login => username:admin,password:123456
[2025-03-07T14:32:47.895] [DEBUG] cheese - admin
[2025-03-07T14:32:47.898] [DEBUG] cheese - null
[2025-03-07T14:32:47.899] [DEBUG] cheese - null
[2025-03-07T14:32:48.019] [DEBUG] cheese - login => username:admin,password:123456
[2025-03-07T14:32:48.019] [DEBUG] cheese - admin
[2025-03-07T14:32:48.021] [DEBUG] cheese - null
[2025-03-07T14:32:48.021] [DEBUG] cheese - null
[2025-03-07T14:32:51.871] [DEBUG] cheese - login => username:admin,password:123456
[2025-03-07T14:32:51.871] [DEBUG] cheese - admin
[2025-03-07T14:32:51.874] [DEBUG] cheese - null
[2025-03-07T14:32:51.874] [DEBUG] cheese - null
[2025-03-07T14:42:41.921] [DEBUG] cheese - login => username:admin,password:123456
[2025-03-07T14:42:41.921] [DEBUG] cheese - admin
[2025-03-07T14:42:41.924] [DEBUG] cheese - null
[2025-03-07T14:42:41.924] [DEBUG] cheese - null
[2025-03-07T14:50:48.566] [DEBUG] cheese - login => username:admin,password:123456
[2025-03-07T14:50:48.567] [DEBUG] cheese - admin
[2025-03-07T14:50:48.572] [DEBUG] cheese - null
[2025-03-07T14:50:48.573] [DEBUG] cheese - null
[2025-03-07T14:53:09.733] [DEBUG] cheese - login => username:admin,password:123456
[2025-03-07T14:53:09.734] [DEBUG] cheese - admin
[2025-03-07T14:53:09.738] [DEBUG] cheese - null
[2025-03-07T14:53:09.738] [DEBUG] cheese - null
[2025-03-07T14:53:11.855] [DEBUG] cheese - login => username:admin,password:123456
[2025-03-07T14:53:11.855] [DEBUG] cheese - admin
[2025-03-07T14:53:11.857] [DEBUG] cheese - null
[2025-03-07T14:53:11.857] [DEBUG] cheese - null
[2025-03-07T14:53:22.360] [DEBUG] cheese - login => username:admin,password:123456
[2025-03-07T14:53:22.360] [DEBUG] cheese - admin
[2025-03-07T14:53:22.361] [DEBUG] cheese - null
[2025-03-07T14:53:22.362] [DEBUG] cheese - null
[2025-03-07T14:53:41.178] [DEBUG] cheese - login => username:admin,password:123456
[2025-03-07T14:53:41.178] [DEBUG] cheese - admin
[2025-03-07T14:53:41.180] [DEBUG] cheese - null
[2025-03-07T14:53:41.180] [DEBUG] cheese - null
[2025-03-07T14:53:43.289] [DEBUG] cheese - login => username:admin,password:123456
[2025-03-07T14:53:43.289] [DEBUG] cheese - admin
[2025-03-07T14:53:43.291] [DEBUG] cheese - null
[2025-03-07T14:53:43.291] [DEBUG] cheese - null
[2025-03-07T14:53:55.096] [DEBUG] cheese - login => username:admin,password:123456
[2025-03-07T14:53:55.096] [DEBUG] cheese - admin
[2025-03-07T14:53:55.097] [DEBUG] cheese - null
[2025-03-07T14:53:55.097] [DEBUG] cheese - null
[2025-03-07T14:54:19.579] [DEBUG] cheese - login => username:admin,password:123456
[2025-03-07T14:54:19.579] [DEBUG] cheese - admin
[2025-03-07T14:54:19.581] [DEBUG] cheese - null
[2025-03-07T14:54:19.581] [DEBUG] cheese - null
[2025-03-07T15:07:15.821] [DEBUG] cheese - login => username:admin,password:123456
[2025-03-07T15:07:15.822] [DEBUG] cheese - admin
[2025-03-07T15:07:15.825] [DEBUG] cheese - null
[2025-03-07T15:07:15.825] [DEBUG] cheese - null
[2025-03-07T15:07:33.023] [DEBUG] cheese - login => username:admin,password:12345
[2025-03-07T15:07:33.023] [DEBUG] cheese - admin
[2025-03-07T15:07:33.025] [DEBUG] cheese - null
[2025-03-07T15:07:33.025] [DEBUG] cheese - null
[2025-03-07T15:07:34.330] [DEBUG] cheese - login => username:admin,password:12345
[2025-03-07T15:07:34.330] [DEBUG] cheese - admin
[2025-03-07T15:07:34.333] [DEBUG] cheese - null
[2025-03-07T15:07:34.333] [DEBUG] cheese - null
[2025-03-07T15:07:34.579] [DEBUG] cheese - login => username:admin,password:12345
[2025-03-07T15:07:34.579] [DEBUG] cheese - admin
[2025-03-07T15:07:34.580] [DEBUG] cheese - null
[2025-03-07T15:07:34.580] [DEBUG] cheese - null
[2025-03-07T15:07:34.812] [DEBUG] cheese - login => username:admin,password:12345
[2025-03-07T15:07:34.812] [DEBUG] cheese - admin
[2025-03-07T15:07:34.813] [DEBUG] cheese - null
[2025-03-07T15:07:34.813] [DEBUG] cheese - null
[2025-03-07T15:07:35.635] [DEBUG] cheese - login => username:admin,password:12345
[2025-03-07T15:07:35.635] [DEBUG] cheese - admin
[2025-03-07T15:07:35.637] [DEBUG] cheese - null
[2025-03-07T15:07:35.637] [DEBUG] cheese - null
[2025-03-07T15:07:35.778] [DEBUG] cheese - login => username:admin,password:12345
[2025-03-07T15:07:35.778] [DEBUG] cheese - admin
[2025-03-07T15:07:35.779] [DEBUG] cheese - null
[2025-03-07T15:07:35.779] [DEBUG] cheese - null
[2025-03-07T15:07:35.978] [DEBUG] cheese - login => username:admin,password:12345
[2025-03-07T15:07:35.978] [DEBUG] cheese - admin
[2025-03-07T15:07:35.979] [DEBUG] cheese - null
[2025-03-07T15:07:35.979] [DEBUG] cheese - null
[2025-03-07T15:09:14.532] [DEBUG] cheese - login => username:admin,password:12
[2025-03-07T15:09:14.533] [DEBUG] cheese - admin
[2025-03-07T15:09:14.534] [DEBUG] cheese - null
[2025-03-07T15:09:14.535] [DEBUG] cheese - null
[2025-03-07T15:10:58.055] [DEBUG] cheese - login => username:admin,password:12
[2025-03-07T15:10:58.056] [DEBUG] cheese - admin
[2025-03-07T15:10:58.057] [DEBUG] cheese - null
[2025-03-07T15:10:58.057] [DEBUG] cheese - null
[2025-03-07T15:11:02.312] [DEBUG] cheese - login => username:admin,password:123456
[2025-03-07T15:11:02.312] [DEBUG] cheese - admin
[2025-03-07T15:11:02.315] [DEBUG] cheese - null
[2025-03-07T15:11:02.315] [DEBUG] cheese - null
[2025-03-08T15:30:15.522] [DEBUG] cheese - login => username:admin,password:123456
[2025-03-08T15:30:15.523] [DEBUG] cheese - admin
[2025-03-08T15:30:15.536] [DEBUG] cheese - null
[2025-03-08T15:30:15.536] [DEBUG] cheese - null
[2025-03-08T15:36:50.750] [DEBUG] cheese - login => username:admin,password:123456
[2025-03-08T15:36:50.750] [DEBUG] cheese - admin
[2025-03-08T15:36:50.753] [DEBUG] cheese - null
[2025-03-08T15:36:50.753] [DEBUG] cheese - null
[2025-03-08T15:53:08.753] [DEBUG] cheese - login => username:admin,password:123456
[2025-03-08T15:53:08.755] [DEBUG] cheese - admin
[2025-03-08T15:53:08.758] [DEBUG] cheese - null
[2025-03-08T15:53:08.758] [DEBUG] cheese - null
[2025-03-08T16:00:18.987] [DEBUG] cheese - login => username:admin,password:123456
[2025-03-08T16:00:18.987] [DEBUG] cheese - admin
[2025-03-08T16:00:18.990] [DEBUG] cheese - null
[2025-03-08T16:00:18.990] [DEBUG] cheese - null
[2025-03-08T16:01:46.059] [DEBUG] cheese - login => username:admin,password:123456
[2025-03-08T16:01:46.059] [DEBUG] cheese - admin
[2025-03-08T16:01:46.062] [DEBUG] cheese - null
[2025-03-08T16:01:46.062] [DEBUG] cheese - null
[2025-03-08T16:05:37.878] [DEBUG] cheese - login => username:admin,password:123456
[2025-03-08T16:05:37.878] [DEBUG] cheese - admin
[2025-03-08T16:05:37.882] [DEBUG] cheese - null
[2025-03-08T16:05:37.882] [DEBUG] cheese - null
[2025-03-08T16:05:38.006] [DEBUG] cheese - login => username:admin,password:123456
[2025-03-08T16:05:38.006] [DEBUG] cheese - admin
[2025-03-08T16:05:38.009] [DEBUG] cheese - null
[2025-03-08T16:05:38.009] [DEBUG] cheese - null
[2025-03-08T16:07:26.836] [DEBUG] cheese - login => username:admin,password:123456
[2025-03-08T16:07:26.836] [DEBUG] cheese - admin
[2025-03-08T16:07:26.838] [DEBUG] cheese - null
[2025-03-08T16:07:26.838] [DEBUG] cheese - null
[2025-03-08T16:12:50.077] [DEBUG] cheese - login => username:admin,password:123456
[2025-03-08T16:12:50.078] [DEBUG] cheese - admin
[2025-03-08T16:12:50.080] [DEBUG] cheese - null
[2025-03-08T16:12:50.080] [DEBUG] cheese - null
[2025-03-08T16:32:17.228] [DEBUG] cheese - login => username:admin,password:123456
[2025-03-08T16:32:17.228] [DEBUG] cheese - admin
[2025-03-08T16:32:17.231] [DEBUG] cheese - null
[2025-03-08T16:32:17.231] [DEBUG] cheese - null
[2025-03-08T16:32:48.941] [DEBUG] cheese - login => username:admin,password:123456
[2025-03-08T16:32:48.941] [DEBUG] cheese - admin
[2025-03-08T16:32:48.943] [DEBUG] cheese - null
[2025-03-08T16:32:48.943] [DEBUG] cheese - null
[2025-03-08T17:14:06.279] [DEBUG] cheese - login => username:admin,password:123456
[2025-03-08T17:14:06.280] [DEBUG] cheese - admin
[2025-03-08T17:14:06.284] [DEBUG] cheese - null
[2025-03-08T17:14:06.284] [DEBUG] cheese - null
[2025-03-08T19:19:19.884] [DEBUG] cheese - login => username:admin,password:123456
[2025-03-08T19:19:19.884] [DEBUG] cheese - admin
[2025-03-08T19:19:19.889] [DEBUG] cheese - null
[2025-03-08T19:19:19.889] [DEBUG] cheese - null
[2025-03-08T20:48:49.632] [DEBUG] cheese - login => username:admin,password:123456
[2025-03-08T20:48:49.632] [DEBUG] cheese - admin
[2025-03-08T20:48:49.635] [DEBUG] cheese - null
[2025-03-08T20:48:49.635] [DEBUG] cheese - null
[2025-03-08T20:48:49.758] [DEBUG] cheese - login => username:admin,password:123456
[2025-03-08T20:48:49.758] [DEBUG] cheese - admin
[2025-03-08T20:48:49.759] [DEBUG] cheese - null
[2025-03-08T20:48:49.759] [DEBUG] cheese - null
[2025-03-08T20:49:45.979] [DEBUG] cheese - login => username:admin,password:123456
[2025-03-08T20:49:45.979] [DEBUG] cheese - admin
[2025-03-08T20:49:45.981] [DEBUG] cheese - null
[2025-03-08T20:49:45.981] [DEBUG] cheese - null
[2025-03-10T12:51:36.566] [DEBUG] cheese - login => username:admin,password:123456
[2025-03-10T12:51:36.568] [DEBUG] cheese - admin
[2025-03-10T12:51:36.604] [DEBUG] cheese - null
[2025-03-10T12:51:36.604] [DEBUG] cheese - null
[2025-03-10T13:18:53.625] [DEBUG] cheese - login => username:admin,password:123456
[2025-03-10T13:18:53.625] [DEBUG] cheese - admin
[2025-03-10T13:18:53.628] [DEBUG] cheese - null
[2025-03-10T13:18:53.628] [DEBUG] cheese - null
[2025-03-10T13:18:57.087] [DEBUG] cheese - login => username:admin,password:123456
[2025-03-10T13:18:57.088] [DEBUG] cheese - admin
[2025-03-10T13:18:57.090] [DEBUG] cheese - null
[2025-03-10T13:18:57.091] [DEBUG] cheese - null
[2025-03-10T13:19:00.173] [DEBUG] cheese - login => username:admin,password:123456
[2025-03-10T13:19:00.173] [DEBUG] cheese - admin
[2025-03-10T13:19:00.176] [DEBUG] cheese - null
[2025-03-10T13:19:00.176] [DEBUG] cheese - null
[2025-03-10T13:19:03.220] [DEBUG] cheese - login => username:admin,password:123456
[2025-03-10T13:19:03.220] [DEBUG] cheese - admin
[2025-03-10T13:19:03.223] [DEBUG] cheese - null
[2025-03-10T13:19:03.223] [DEBUG] cheese - null
[2025-03-10T13:19:12.737] [DEBUG] cheese - login => username:admin,password:123456
[2025-03-10T13:19:12.737] [DEBUG] cheese - admin
[2025-03-10T13:19:12.739] [DEBUG] cheese - null
[2025-03-10T13:19:12.739] [DEBUG] cheese - null
[2025-03-10T13:20:42.163] [DEBUG] cheese - login => username:admin,password:123456
[2025-03-10T13:20:42.163] [DEBUG] cheese - admin
[2025-03-10T13:20:42.165] [DEBUG] cheese - null
[2025-03-10T13:20:42.165] [DEBUG] cheese - null
[2025-03-10T13:20:52.266] [DEBUG] cheese - login => username:admin,password:123456
[2025-03-10T13:20:52.266] [DEBUG] cheese - admin
[2025-03-10T13:20:52.268] [DEBUG] cheese - null
[2025-03-10T13:20:52.268] [DEBUG] cheese - null
[2025-03-10T13:22:00.375] [DEBUG] cheese - login => username:admin,password:123456
[2025-03-10T13:22:00.375] [DEBUG] cheese - admin
[2025-03-10T13:22:00.378] [DEBUG] cheese - null
[2025-03-10T13:22:00.378] [DEBUG] cheese - null
[2025-03-10T13:22:07.591] [DEBUG] cheese - login => username:admin,password:123456
[2025-03-10T13:22:07.591] [DEBUG] cheese - admin
[2025-03-10T13:22:07.593] [DEBUG] cheese - null
[2025-03-10T13:22:07.593] [DEBUG] cheese - null
[2025-03-10T13:25:09.232] [DEBUG] cheese - login => username:admin,password:123456
[2025-03-10T13:25:09.233] [DEBUG] cheese - admin
[2025-03-10T13:25:09.235] [DEBUG] cheese - null
[2025-03-10T13:25:09.235] [DEBUG] cheese - null
[2025-03-10T13:40:18.478] [DEBUG] cheese - login => username:admin,password:123456
[2025-03-10T13:40:18.478] [DEBUG] cheese - admin
[2025-03-10T13:40:18.481] [DEBUG] cheese - null
[2025-03-10T13:40:18.481] [DEBUG] cheese - null
[2025-03-10T14:29:21.709] [DEBUG] cheese - login => username:asdsad,password:123456
[2025-03-10T14:29:21.709] [DEBUG] cheese - asdsad
[2025-03-10T14:29:21.712] [DEBUG] cheese - null
[2025-03-10T14:29:21.712] [DEBUG] cheese - null
[2025-03-10T14:29:28.178] [DEBUG] cheese - login => username:admin,password:123456
[2025-03-10T14:29:28.178] [DEBUG] cheese - admin
[2025-03-10T14:29:28.180] [DEBUG] cheese - null
[2025-03-10T14:29:28.180] [DEBUG] cheese - null
[2025-03-10T14:29:35.531] [DEBUG] cheese - login => username:admin,password:123456
[2025-03-10T14:29:35.531] [DEBUG] cheese - admin
[2025-03-10T14:29:35.532] [DEBUG] cheese - null
[2025-03-10T14:29:35.533] [DEBUG] cheese - null
[2025-03-10T14:29:43.396] [DEBUG] cheese - login => username:admin,password:123456
[2025-03-10T14:29:43.396] [DEBUG] cheese - admin
[2025-03-10T14:29:43.398] [DEBUG] cheese - null
[2025-03-10T14:29:43.398] [DEBUG] cheese - null
[2025-03-10T14:32:58.396] [DEBUG] cheese - login => username:admin,password:123456
[2025-03-10T14:32:58.396] [DEBUG] cheese - admin
[2025-03-10T14:32:58.397] [DEBUG] cheese - null
[2025-03-10T14:32:58.398] [DEBUG] cheese - null
[2025-03-10T14:34:24.130] [DEBUG] cheese - login => username:admin,password:123456
[2025-03-10T14:34:24.130] [DEBUG] cheese - admin
[2025-03-10T14:34:24.131] [DEBUG] cheese - null
[2025-03-10T14:34:24.132] [DEBUG] cheese - null
[2025-03-10T15:12:29.329] [DEBUG] cheese - login => username:admin,password:123456
[2025-03-10T15:12:29.329] [DEBUG] cheese - admin
[2025-03-10T15:12:29.332] [DEBUG] cheese - null
[2025-03-10T15:12:29.332] [DEBUG] cheese - null
[2025-03-10T15:36:05.552] [DEBUG] cheese - login => username:admin,password:123456
[2025-03-10T15:36:05.552] [DEBUG] cheese - admin
[2025-03-10T15:36:05.554] [DEBUG] cheese - null
[2025-03-10T15:36:05.555] [DEBUG] cheese - null
[2025-03-10T15:50:41.504] [DEBUG] cheese - login => username:admin,password:123456
[2025-03-10T15:50:41.504] [DEBUG] cheese - admin
[2025-03-10T15:50:41.506] [DEBUG] cheese - null
[2025-03-10T15:50:41.506] [DEBUG] cheese - null
[2025-03-10T18:00:12.870] [DEBUG] cheese - login => username:admin,password:123456
[2025-03-10T18:00:12.871] [DEBUG] cheese - admin
[2025-03-10T18:00:12.879] [DEBUG] cheese - null
[2025-03-10T18:00:12.879] [DEBUG] cheese - null
[2025-03-10T18:18:05.978] [DEBUG] cheese - login => username:admin,password:123456
[2025-03-10T18:18:05.978] [DEBUG] cheese - admin
[2025-03-10T18:18:05.981] [DEBUG] cheese - null
[2025-03-10T18:18:05.981] [DEBUG] cheese - null
[2025-03-10T20:20:21.452] [DEBUG] cheese - login => username:admin,password:123456
[2025-03-10T20:20:21.454] [DEBUG] cheese - admin
[2025-03-10T20:20:21.459] [DEBUG] cheese - null
[2025-03-10T20:20:21.459] [DEBUG] cheese - null
[2025-03-11T20:09:23.421] [DEBUG] cheese - login => username:admin,password:123456
[2025-03-11T20:09:23.423] [DEBUG] cheese - admin
[2025-03-11T20:09:23.490] [DEBUG] cheese - null
[2025-03-11T20:09:23.490] [DEBUG] cheese - null
[2025-03-11T20:09:29.441] [DEBUG] cheese - login => username:admin,password:123456
[2025-03-11T20:09:29.441] [DEBUG] cheese - admin
[2025-03-11T20:09:29.443] [DEBUG] cheese - null
[2025-03-11T20:09:29.443] [DEBUG] cheese - null
[2025-03-12T12:03:22.277] [DEBUG] cheese - login => username:admin,password:123456
[2025-03-12T12:03:22.279] [DEBUG] cheese - admin
[2025-03-12T12:03:22.333] [DEBUG] cheese - null
[2025-03-12T12:03:22.333] [DEBUG] cheese - null
[2025-03-12T14:37:13.916] [DEBUG] cheese - login => username:admin,password:123456
[2025-03-12T14:37:13.916] [DEBUG] cheese - admin
[2025-03-12T14:37:13.920] [DEBUG] cheese - login => username:admin,password:123456
[2025-03-12T14:37:13.920] [DEBUG] cheese - admin
[2025-03-12T14:37:13.928] [DEBUG] cheese - null
[2025-03-12T14:37:13.929] [DEBUG] cheese - null
[2025-03-12T14:37:14.048] [DEBUG] cheese - null
[2025-03-12T14:37:14.049] [DEBUG] cheese - null
[2025-03-12T16:42:02.726] [DEBUG] cheese - login => username:admin,password:123456
[2025-03-12T16:42:02.727] [DEBUG] cheese - admin
[2025-03-12T16:42:02.730] [DEBUG] cheese - null
[2025-03-12T16:42:02.730] [DEBUG] cheese - null
[2025-03-12T16:42:02.850] [DEBUG] cheese - login => username:admin,password:123456
[2025-03-12T16:42:02.850] [DEBUG] cheese - admin
[2025-03-12T16:42:02.853] [DEBUG] cheese - null
[2025-03-12T16:42:02.854] [DEBUG] cheese - null
[2025-03-12T19:12:47.486] [DEBUG] cheese - login => username:admin,password:123456
[2025-03-12T19:12:47.487] [DEBUG] cheese - admin
[2025-03-12T19:12:47.539] [DEBUG] cheese - null
[2025-03-12T19:12:47.539] [DEBUG] cheese - null
[2025-03-12T19:29:36.475] [DEBUG] cheese - login => username:admin,password:123456
[2025-03-12T19:29:36.476] [DEBUG] cheese - admin
[2025-03-12T19:29:36.479] [DEBUG] cheese - null
[2025-03-12T19:29:36.479] [DEBUG] cheese - null
[2025-03-13T08:07:54.677] [DEBUG] cheese - login => username:admin,password:123456
[2025-03-13T08:07:54.678] [DEBUG] cheese - admin
[2025-03-13T08:07:54.727] [DEBUG] cheese - null
[2025-03-13T08:07:54.728] [DEBUG] cheese - null
[2025-03-13T09:50:12.806] [DEBUG] cheese - login => username:adminsss,password:123456
[2025-03-13T09:50:12.806] [DEBUG] cheese - adminsss
[2025-03-13T09:50:12.810] [DEBUG] cheese - null
[2025-03-13T09:50:12.810] [DEBUG] cheese - null
[2025-03-13T09:50:16.751] [DEBUG] cheese - login => username:admin,password:123456
[2025-03-13T09:50:16.751] [DEBUG] cheese - admin
[2025-03-13T09:50:16.754] [DEBUG] cheese - null
[2025-03-13T09:50:16.754] [DEBUG] cheese - null
[2025-03-13T13:31:33.536] [DEBUG] cheese - login => username:admin,password:123456
[2025-03-13T13:31:33.537] [DEBUG] cheese - admin
[2025-03-13T13:31:33.543] [DEBUG] cheese - null
[2025-03-13T13:31:33.543] [DEBUG] cheese - null
[2025-03-13T16:22:54.306] [DEBUG] cheese - login => username:admin,password:123456
[2025-03-13T16:22:54.307] [DEBUG] cheese - admin
[2025-03-13T16:22:54.312] [DEBUG] cheese - login => username:admin,password:123456
[2025-03-13T16:22:54.312] [DEBUG] cheese - admin
[2025-03-13T16:22:54.355] [DEBUG] cheese - null
[2025-03-13T16:22:54.355] [DEBUG] cheese - null
[2025-03-13T16:22:54.472] [DEBUG] cheese - null
[2025-03-13T16:22:54.472] [DEBUG] cheese - null
[2025-03-13T18:23:38.361] [DEBUG] cheese - login => username:admin,password:123456
[2025-03-13T18:23:38.362] [DEBUG] cheese - admin
[2025-03-13T18:23:38.366] [DEBUG] cheese - null
[2025-03-13T18:23:38.366] [DEBUG] cheese - null
[2025-03-13T20:26:49.672] [DEBUG] cheese - login => username:admin,password:123456
[2025-03-13T20:26:49.673] [DEBUG] cheese - admin
[2025-03-13T20:26:49.676] [DEBUG] cheese - login => username:admin,password:123456
[2025-03-13T20:26:49.676] [DEBUG] cheese - admin
[2025-03-13T20:26:49.677] [DEBUG] cheese - null
[2025-03-13T20:26:49.677] [DEBUG] cheese - null
[2025-03-13T20:26:49.798] [DEBUG] cheese - null
[2025-03-13T20:26:49.798] [DEBUG] cheese - null
[2025-03-14T08:10:21.100] [DEBUG] cheese - login => username:admin,password:123456
[2025-03-14T08:10:21.101] [DEBUG] cheese - admin
[2025-03-14T08:10:21.137] [DEBUG] cheese - null
[2025-03-14T08:10:21.137] [DEBUG] cheese - null
[2025-03-14T08:28:38.443] [DEBUG] cheese - login => username:admin,password:123456
[2025-03-14T08:28:38.443] [DEBUG] cheese - admin
[2025-03-14T08:28:38.448] [DEBUG] cheese - null
[2025-03-14T08:28:38.448] [DEBUG] cheese - null
[2025-03-14T08:41:47.222] [DEBUG] cheese - login => username:admin,password:123456
[2025-03-14T08:41:47.223] [DEBUG] cheese - admin
[2025-03-14T08:41:47.231] [DEBUG] cheese - null
[2025-03-14T08:41:47.232] [DEBUG] cheese - null
[2025-03-14T08:57:49.608] [DEBUG] cheese - login => username:admin,password:123456
[2025-03-14T08:57:49.609] [DEBUG] cheese - admin
[2025-03-14T08:57:49.613] [DEBUG] cheese - null
[2025-03-14T08:57:49.613] [DEBUG] cheese - null
[2025-03-14T08:58:31.552] [DEBUG] cheese - login => username:admin,password:123456
[2025-03-14T08:58:31.554] [DEBUG] cheese - admin
[2025-03-14T08:58:31.558] [DEBUG] cheese - null
[2025-03-14T08:58:31.558] [DEBUG] cheese - null
[2025-03-14T09:23:24.807] [DEBUG] cheese - login => username:admin,password:123456
[2025-03-14T09:23:24.808] [DEBUG] cheese - admin
[2025-03-14T09:23:24.812] [DEBUG] cheese - null
[2025-03-14T09:23:24.812] [DEBUG] cheese - null
[2025-03-14T09:32:38.260] [DEBUG] cheese - login => username:admin,password:123456
[2025-03-14T09:32:38.260] [DEBUG] cheese - admin
[2025-03-14T09:32:38.266] [DEBUG] cheese - null
[2025-03-14T09:32:38.266] [DEBUG] cheese - null
[2025-03-14T15:29:53.507] [DEBUG] cheese - login => username:admin,password:123456
[2025-03-14T15:29:53.510] [DEBUG] cheese - admin
[2025-03-14T15:29:53.579] [DEBUG] cheese - null
[2025-03-14T15:29:53.580] [DEBUG] cheese - null
[2025-03-14T15:41:27.235] [DEBUG] cheese - login => username:admin,password:123456
[2025-03-14T15:41:27.236] [DEBUG] cheese - admin
[2025-03-14T15:41:27.244] [DEBUG] cheese - null
[2025-03-14T15:41:27.245] [DEBUG] cheese - null
[2025-03-15T13:39:00.306] [DEBUG] cheese - login => username:admin,password:123456
[2025-03-15T13:39:00.310] [DEBUG] cheese - admin
[2025-03-15T13:39:00.396] [DEBUG] cheese - null
[2025-03-15T13:39:00.396] [DEBUG] cheese - null
[2025-03-15T13:39:19.960] [DEBUG] cheese - login => username:admin,password:123456
[2025-03-15T13:39:19.963] [DEBUG] cheese - admin
[2025-03-15T13:39:19.979] [DEBUG] cheese - null
[2025-03-15T13:39:19.979] [DEBUG] cheese - null
[2025-03-15T13:39:35.306] [DEBUG] cheese - login => username:admin,password:123456
[2025-03-15T13:39:35.306] [DEBUG] cheese - admin
[2025-03-15T13:39:35.312] [DEBUG] cheese - null
[2025-03-15T13:39:35.312] [DEBUG] cheese - null
[2025-03-15T13:39:57.542] [DEBUG] cheese - login => username:admin,password:123456
[2025-03-15T13:39:57.542] [DEBUG] cheese - admin
[2025-03-15T13:39:57.544] [DEBUG] cheese - null
[2025-03-15T13:39:57.544] [DEBUG] cheese - null
[2025-03-15T13:40:43.414] [DEBUG] cheese - login => username:admin,password:123456
[2025-03-15T13:40:43.415] [DEBUG] cheese - admin
[2025-03-15T13:40:43.417] [DEBUG] cheese - null
[2025-03-15T13:40:43.418] [DEBUG] cheese - null
[2025-03-15T13:41:08.799] [DEBUG] cheese - login => username:admin,password:123456
[2025-03-15T13:41:08.800] [DEBUG] cheese - admin
[2025-03-15T13:41:08.802] [DEBUG] cheese - null
[2025-03-15T13:41:08.802] [DEBUG] cheese - null
[2025-03-15T16:09:15.734] [DEBUG] cheese - login => username:admin,password:123456
[2025-03-15T16:09:15.736] [DEBUG] cheese - admin
[2025-03-15T16:09:15.775] [DEBUG] cheese - null
[2025-03-15T16:09:15.776] [DEBUG] cheese - null
[2025-03-15T16:09:19.541] [DEBUG] cheese - login => username:admin,password:123456
[2025-03-15T16:09:19.541] [DEBUG] cheese - admin
[2025-03-15T16:09:19.545] [DEBUG] cheese - null
[2025-03-15T16:09:19.546] [DEBUG] cheese - null
[2025-03-15T16:09:26.908] [DEBUG] cheese - login => username:admin,password:123456
[2025-03-15T16:09:26.909] [DEBUG] cheese - admin
[2025-03-15T16:09:26.913] [DEBUG] cheese - null
[2025-03-15T16:09:26.913] [DEBUG] cheese - null
[2025-03-15T16:21:42.335] [DEBUG] cheese - login => username:admin,password:123456
[2025-03-15T16:21:42.335] [DEBUG] cheese - admin
[2025-03-15T16:21:42.338] [DEBUG] cheese - login => username:admin,password:123456
[2025-03-15T16:21:42.338] [DEBUG] cheese - admin
[2025-03-15T16:21:42.342] [DEBUG] cheese - null
[2025-03-15T16:21:42.342] [DEBUG] cheese - null
[2025-03-15T16:21:42.431] [DEBUG] cheese - null
[2025-03-15T16:21:42.431] [DEBUG] cheese - null
[2025-03-15T16:30:20.225] [DEBUG] cheese - login => username:admin,password:123456
[2025-03-15T16:30:20.226] [DEBUG] cheese - admin
[2025-03-15T16:30:20.229] [DEBUG] cheese - null
[2025-03-15T16:30:20.229] [DEBUG] cheese - null
[2025-03-15T16:30:20.696] [DEBUG] cheese - login => username:admin,password:123456
[2025-03-15T16:30:20.696] [DEBUG] cheese - admin
[2025-03-15T16:30:20.699] [DEBUG] cheese - null
[2025-03-15T16:30:20.699] [DEBUG] cheese - null
[2025-03-15T17:00:48.666] [DEBUG] cheese - login => username:admin,password:123456
[2025-03-15T17:00:48.666] [DEBUG] cheese - admin
[2025-03-15T17:00:48.669] [DEBUG] cheese - null
[2025-03-15T17:00:48.670] [DEBUG] cheese - null
